<!DOCTYPE html>

<html>
  <head>
  <meta charset='utf-8'>
  <title>TestNG reports</title>

    <link type="text/css" href="testng-reports1.css" rel="stylesheet" id="ultra" />
    <link type="text/css" href="testng-reports.css" rel="stylesheet" id="retro" disabled="false"/>
    <script type="text/javascript" src="jquery.min.js"></script>
    <script type="text/javascript" src="testng-reports.js"></script>
    <script type="text/javascript" src="https://www.google.com/jsapi"></script>
    <script type='text/javascript'>
      google.load('visualization', '1', {packages:['table']});
      google.setOnLoadCallback(drawTable);
      var suiteTableInitFunctions = new Array();
      var suiteTableData = new Array();
    </script>
    <!--
      <script type="text/javascript" src="jquery-ui/js/jquery-ui-1.8.16.custom.min.js"></script>
     -->
  </head>

  <body>
    <div class="top-banner-root">
      <span class="top-banner-title-font">Test results</span>
      <button id="button" class="button">Switch Retro Theme</button> <!-- button -->
      <br/>
      <span class="top-banner-font-1">1 suite, 9 failed tests</span>
    </div> <!-- top-banner-root -->
    <div class="navigator-root">
      <div class="navigator-suite-header">
        <span>All suites</span>
        <a href="#" title="Collapse/expand all the suites" class="collapse-all-link">
          <img src="collapseall.gif" class="collapse-all-icon">
          </img> <!-- collapse-all-icon -->
        </a> <!-- collapse-all-link -->
      </div> <!-- navigator-suite-header -->
      <div class="suite">
        <div class="rounded-window">
          <div class="suite-header light-rounded-window-top">
            <a href="#" panel-name="suite-Default_suite" class="navigator-link">
              <span class="suite-name border-failed">Default suite</span>
            </a> <!-- navigator-link -->
          </div> <!-- suite-header light-rounded-window-top -->
          <div class="navigator-suite-content">
            <div class="suite-section-title">
              <span>Info</span>
            </div> <!-- suite-section-title -->
            <div class="suite-section-content">
              <ul>
                <li>
                  <a href="#" panel-name="test-xml-Default_suite" class="navigator-link ">
                    <span>C:\Users\LENOVO\AppData\Local\Temp\testng-eclipse-776499330\testng-customsuite.xml</span>
                  </a> <!-- navigator-link  -->
                </li>
                <li>
                  <a href="#" panel-name="testlist-Default_suite" class="navigator-link ">
                    <span class="test-stats">1 test</span>
                  </a> <!-- navigator-link  -->
                </li>
                <li>
                  <a href="#" panel-name="group-Default_suite" class="navigator-link ">
                    <span>0 groups</span>
                  </a> <!-- navigator-link  -->
                </li>
                <li>
                  <a href="#" panel-name="times-Default_suite" class="navigator-link ">
                    <span>Times</span>
                  </a> <!-- navigator-link  -->
                </li>
                <li>
                  <a href="#" panel-name="reporter-Default_suite" class="navigator-link ">
                    <span>Reporter output</span>
                  </a> <!-- navigator-link  -->
                </li>
                <li>
                  <a href="#" panel-name="ignored-methods-Default_suite" class="navigator-link ">
                    <span>Ignored methods</span>
                  </a> <!-- navigator-link  -->
                </li>
                <li>
                  <a href="#" panel-name="chronological-Default_suite" class="navigator-link ">
                    <span>Chronological view</span>
                  </a> <!-- navigator-link  -->
                </li>
              </ul>
            </div> <!-- suite-section-content -->
            <div class="result-section">
              <div class="suite-section-title">
                <span>Results</span>
              </div> <!-- suite-section-title -->
              <div class="suite-section-content">
                <ul>
                  <li>
                    <span class="method-stats">63 methods, 9 failed,   54 passed</span>
                  </li>
                  <li>
                    <span class="method-list-title failed">Failed methods</span>
                    <span class="show-or-hide-methods failed">
                      <a href="#" panel-name="suite-Default_suite" class="hide-methods failed suite-Default_suite"> (hide)</a> <!-- hide-methods failed suite-Default_suite -->
                      <a href="#" panel-name="suite-Default_suite" class="show-methods failed suite-Default_suite"> (show)</a> <!-- show-methods failed suite-Default_suite -->
                    </span>
                    <div class="method-list-content failed suite-Default_suite">
                      <span>
                        <img src="failed.png" width="3%"/>
                        <a href="#" panel-name="suite-Default_suite" title="ai.iamneo.automation.testcases.BvtSuite" class="method navigator-link" hash-for-method="courseDetailsPage">courseDetailsPage</a> <!-- method navigator-link -->
                      </span>
                      <br/>
                      <span>
                        <img src="failed.png" width="3%"/>
                        <a href="#" panel-name="suite-Default_suite" title="ai.iamneo.automation.testcases.BvtSuite" class="method navigator-link" hash-for-method="courseSelection">courseSelection</a> <!-- method navigator-link -->
                      </span>
                      <br/>
                      <span>
                        <img src="failed.png" width="3%"/>
                        <a href="#" panel-name="suite-Default_suite" title="ai.iamneo.automation.testcases.BvtSuite" class="method navigator-link" hash-for-method="mcqMultipleQuestion">mcqMultipleQuestion</a> <!-- method navigator-link -->
                      </span>
                      <br/>
                      <span>
                        <img src="failed.png" width="3%"/>
                        <a href="#" panel-name="suite-Default_suite" title="ai.iamneo.automation.testcases.BvtSuite" class="method navigator-link" hash-for-method="mcqSingleQuestion">mcqSingleQuestion</a> <!-- method navigator-link -->
                      </span>
                      <br/>
                      <span>
                        <img src="failed.png" width="3%"/>
                        <a href="#" panel-name="suite-Default_suite" title="ai.iamneo.automation.testcases.BvtSuite" class="method navigator-link" hash-for-method="moveToInviteStudentPage">moveToInviteStudentPage</a> <!-- method navigator-link -->
                      </span>
                      <br/>
                      <span>
                        <img src="failed.png" width="3%"/>
                        <a href="#" panel-name="suite-Default_suite" title="ai.iamneo.automation.testcases.BvtSuite" class="method navigator-link" hash-for-method="selectStudentForEnrollment">selectStudentForEnrollment</a> <!-- method navigator-link -->
                      </span>
                      <br/>
                      <span>
                        <img src="failed.png" width="3%"/>
                        <a href="#" panel-name="suite-Default_suite" title="ai.iamneo.automation.testcases.BvtSuite" class="method navigator-link" hash-for-method="studentPortalLogin">studentPortalLogin</a> <!-- method navigator-link -->
                      </span>
                      <br/>
                      <span>
                        <img src="failed.png" width="3%"/>
                        <a href="#" panel-name="suite-Default_suite" title="ai.iamneo.automation.testcases.BvtSuite" class="method navigator-link" hash-for-method="submitTest">submitTest</a> <!-- method navigator-link -->
                      </span>
                      <br/>
                      <span>
                        <img src="failed.png" width="3%"/>
                        <a href="#" panel-name="suite-Default_suite" title="ai.iamneo.automation.testcases.BvtSuite" class="method navigator-link" hash-for-method="testTaking">testTaking</a> <!-- method navigator-link -->
                      </span>
                      <br/>
                    </div> <!-- method-list-content failed suite-Default_suite -->
                  </li>
                  <li>
                    <span class="method-list-title passed">Passed methods</span>
                    <span class="show-or-hide-methods passed">
                      <a href="#" panel-name="suite-Default_suite" class="hide-methods passed suite-Default_suite"> (hide)</a> <!-- hide-methods passed suite-Default_suite -->
                      <a href="#" panel-name="suite-Default_suite" class="show-methods passed suite-Default_suite"> (show)</a> <!-- show-methods passed suite-Default_suite -->
                    </span>
                    <div class="method-list-content passed suite-Default_suite">
                      <span>
                        <img src="passed.png" width="3%"/>
                        <a href="#" panel-name="suite-Default_suite" title="ai.iamneo.automation.testcases.BvtSuite" class="method navigator-link" hash-for-method="addMCQMultiQuestionOptions">addMCQMultiQuestionOptions</a> <!-- method navigator-link -->
                      </span>
                      <br/>
                      <span>
                        <img src="passed.png" width="3%"/>
                        <a href="#" panel-name="suite-Default_suite" title="ai.iamneo.automation.testcases.BvtSuite" class="method navigator-link" hash-for-method="addMCQQuestionOptions">addMCQQuestionOptions</a> <!-- method navigator-link -->
                      </span>
                      <br/>
                      <span>
                        <img src="passed.png" width="3%"/>
                        <a href="#" panel-name="suite-Default_suite" title="ai.iamneo.automation.testcases.BvtSuite" class="method navigator-link" hash-for-method="addNewModuleAndEnterModuleName">addNewModuleAndEnterModuleName</a> <!-- method navigator-link -->
                      </span>
                      <br/>
                      <span>
                        <img src="passed.png" width="3%"/>
                        <a href="#" panel-name="suite-Default_suite" title="ai.iamneo.automation.testcases.BvtSuite" class="method navigator-link" hash-for-method="addQuestionToSectionForTest">addQuestionToSectionForTest</a> <!-- method navigator-link -->
                      </span>
                      <br/>
                      <span>
                        <img src="passed.png" width="3%"/>
                        <a href="#" panel-name="suite-Default_suite" title="ai.iamneo.automation.testcases.BvtSuite" class="method navigator-link" hash-for-method="addTestToTheCourseModule">addTestToTheCourseModule</a> <!-- method navigator-link -->
                      </span>
                      <br/>
                      <span>
                        <img src="passed.png" width="3%"/>
                        <a href="#" panel-name="suite-Default_suite" title="ai.iamneo.automation.testcases.BvtSuite" class="method navigator-link" hash-for-method="adminHomepageValidation">adminHomepageValidation</a> <!-- method navigator-link -->
                      </span>
                      <br/>
                      <span>
                        <img src="passed.png" width="3%"/>
                        <a href="#" panel-name="suite-Default_suite" title="ai.iamneo.automation.testcases.BvtSuite" class="method navigator-link" hash-for-method="adminLoginWithValidCridentials">adminLoginWithValidCridentials</a> <!-- method navigator-link -->
                      </span>
                      <br/>
                      <span>
                        <img src="passed.png" width="3%"/>
                        <a href="#" panel-name="suite-Default_suite" title="ai.iamneo.automation.testcases.BvtSuite" class="method navigator-link" hash-for-method="chooseTestCampus">chooseTestCampus</a> <!-- method navigator-link -->
                      </span>
                      <br/>
                      <span>
                        <img src="passed.png" width="3%"/>
                        <a href="#" panel-name="suite-Default_suite" title="ai.iamneo.automation.testcases.BvtSuite" class="method navigator-link" hash-for-method="chooseTestDepartment">chooseTestDepartment</a> <!-- method navigator-link -->
                      </span>
                      <br/>
                      <span>
                        <img src="passed.png" width="3%"/>
                        <a href="#" panel-name="suite-Default_suite" title="ai.iamneo.automation.testcases.BvtSuite" class="method navigator-link" hash-for-method="chooseTestType">chooseTestType</a> <!-- method navigator-link -->
                      </span>
                      <br/>
                      <span>
                        <img src="passed.png" width="3%"/>
                        <a href="#" panel-name="suite-Default_suite" title="ai.iamneo.automation.testcases.BvtSuite" class="method navigator-link" hash-for-method="clickCourseCreationBtn">clickCourseCreationBtn</a> <!-- method navigator-link -->
                      </span>
                      <br/>
                      <span>
                        <img src="passed.png" width="3%"/>
                        <a href="#" panel-name="suite-Default_suite" title="ai.iamneo.automation.testcases.BvtSuite" class="method navigator-link" hash-for-method="clickCourseMenu">clickCourseMenu</a> <!-- method navigator-link -->
                      </span>
                      <br/>
                      <span>
                        <img src="passed.png" width="3%"/>
                        <a href="#" panel-name="suite-Default_suite" title="ai.iamneo.automation.testcases.BvtSuite" class="method navigator-link" hash-for-method="clickCreateQuestionBankButton">clickCreateQuestionBankButton</a> <!-- method navigator-link -->
                      </span>
                      <br/>
                      <span>
                        <img src="passed.png" width="3%"/>
                        <a href="#" panel-name="suite-Default_suite" title="ai.iamneo.automation.testcases.BvtSuite" class="method navigator-link" hash-for-method="clickInviteButton">clickInviteButton</a> <!-- method navigator-link -->
                      </span>
                      <br/>
                      <span>
                        <img src="passed.png" width="3%"/>
                        <a href="#" panel-name="suite-Default_suite" title="ai.iamneo.automation.testcases.BvtSuite" class="method navigator-link" hash-for-method="clickManageStudentPage">clickManageStudentPage</a> <!-- method navigator-link -->
                      </span>
                      <br/>
                      <span>
                        <img src="passed.png" width="3%"/>
                        <a href="#" panel-name="suite-Default_suite" title="ai.iamneo.automation.testcases.BvtSuite" class="method navigator-link" hash-for-method="clickQuestionBank">clickQuestionBank</a> <!-- method navigator-link -->
                      </span>
                      <br/>
                      <span>
                        <img src="passed.png" width="3%"/>
                        <a href="#" panel-name="suite-Default_suite" title="ai.iamneo.automation.testcases.BvtSuite" class="method navigator-link" hash-for-method="clickQuestionCreationButton">clickQuestionCreationButton</a> <!-- method navigator-link -->
                      </span>
                      <br/>
                      <span>
                        <img src="passed.png" width="3%"/>
                        <a href="#" panel-name="suite-Default_suite" title="ai.iamneo.automation.testcases.BvtSuite" class="method navigator-link" hash-for-method="clickSaveAndCreateQuestion">clickSaveAndCreateQuestion</a> <!-- method navigator-link -->
                      </span>
                      <br/>
                      <span>
                        <img src="passed.png" width="3%"/>
                        <a href="#" panel-name="suite-Default_suite" title="ai.iamneo.automation.testcases.BvtSuite" class="method navigator-link" hash-for-method="clickSaveAndNextBtnAndGoToPublishScreen">clickSaveAndNextBtnAndGoToPublishScreen</a> <!-- method navigator-link -->
                      </span>
                      <br/>
                      <span>
                        <img src="passed.png" width="3%"/>
                        <a href="#" panel-name="suite-Default_suite" title="ai.iamneo.automation.testcases.BvtSuite" class="method navigator-link" hash-for-method="clickStudentInviteButton">clickStudentInviteButton</a> <!-- method navigator-link -->
                      </span>
                      <br/>
                      <span>
                        <img src="passed.png" width="3%"/>
                        <a href="#" panel-name="suite-Default_suite" title="ai.iamneo.automation.testcases.BvtSuite" class="method navigator-link" hash-for-method="clicktheTestCreationMenu">clicktheTestCreationMenu</a> <!-- method navigator-link -->
                      </span>
                      <br/>
                      <span>
                        <img src="passed.png" width="3%"/>
                        <a href="#" panel-name="suite-Default_suite" title="ai.iamneo.automation.testcases.BvtSuite" class="method navigator-link" hash-for-method="createMCQQuestion">createMCQQuestion</a> <!-- method navigator-link -->
                      </span>
                      <br/>
                      <span>
                        <img src="passed.png" width="3%"/>
                        <a href="#" panel-name="suite-Default_suite" title="ai.iamneo.automation.testcases.BvtSuite" class="method navigator-link" hash-for-method="createMultiMCQQuestion">createMultiMCQQuestion</a> <!-- method navigator-link -->
                      </span>
                      <br/>
                      <span>
                        <img src="passed.png" width="3%"/>
                        <a href="#" panel-name="suite-Default_suite" title="ai.iamneo.automation.testcases.BvtSuite" class="method navigator-link" hash-for-method="enterEmailid">enterEmailid</a> <!-- method navigator-link -->
                      </span>
                      <br/>
                      <span>
                        <img src="passed.png" width="3%"/>
                        <a href="#" panel-name="suite-Default_suite" title="ai.iamneo.automation.testcases.BvtSuite" class="method navigator-link" hash-for-method="enterSectionDurationAndClickSaveAndNextBtn">enterSectionDurationAndClickSaveAndNextBtn</a> <!-- method navigator-link -->
                      </span>
                      <br/>
                      <span>
                        <img src="passed.png" width="3%"/>
                        <a href="#" panel-name="suite-Default_suite" title="ai.iamneo.automation.testcases.BvtSuite" class="method navigator-link" hash-for-method="enterSectionName">enterSectionName</a> <!-- method navigator-link -->
                      </span>
                      <br/>
                      <span>
                        <img src="passed.png" width="3%"/>
                        <a href="#" panel-name="suite-Default_suite" title="ai.iamneo.automation.testcases.BvtSuite" class="method navigator-link" hash-for-method="enterTheNameOfTheTest">enterTheNameOfTheTest</a> <!-- method navigator-link -->
                      </span>
                      <br/>
                      <span>
                        <img src="passed.png" width="3%"/>
                        <a href="#" panel-name="suite-Default_suite" title="ai.iamneo.automation.testcases.BvtSuite" class="method navigator-link" hash-for-method="fillPublishingText">fillPublishingText</a> <!-- method navigator-link -->
                      </span>
                      <br/>
                      <span>
                        <img src="passed.png" width="3%"/>
                        <a href="#" panel-name="suite-Default_suite" title="ai.iamneo.automation.testcases.BvtSuite" class="method navigator-link" hash-for-method="fillQuesutionBankName">fillQuesutionBankName</a> <!-- method navigator-link -->
                      </span>
                      <br/>
                      <span>
                        <img src="passed.png" width="3%"/>
                        <a href="#" panel-name="suite-Default_suite" title="ai.iamneo.automation.testcases.BvtSuite" class="method navigator-link" hash-for-method="fillTheCourseName">fillTheCourseName</a> <!-- method navigator-link -->
                      </span>
                      <br/>
                      <span>
                        <img src="passed.png" width="3%"/>
                        <a href="#" panel-name="suite-Default_suite" title="ai.iamneo.automation.testcases.BvtSuite" class="method navigator-link" hash-for-method="publishCourse">publishCourse</a> <!-- method navigator-link -->
                      </span>
                      <br/>
                      <span>
                        <img src="passed.png" width="3%"/>
                        <a href="#" panel-name="suite-Default_suite" title="ai.iamneo.automation.testcases.BvtSuite" class="method navigator-link" hash-for-method="publishTheCourse">publishTheCourse</a> <!-- method navigator-link -->
                      </span>
                      <br/>
                      <span>
                        <img src="passed.png" width="3%"/>
                        <a href="#" panel-name="suite-Default_suite" title="ai.iamneo.automation.testcases.BvtSuite" class="method navigator-link" hash-for-method="publishTheTest">publishTheTest</a> <!-- method navigator-link -->
                      </span>
                      <br/>
                      <span>
                        <img src="passed.png" width="3%"/>
                        <a href="#" panel-name="suite-Default_suite" title="ai.iamneo.automation.testcases.BvtSuite" class="method navigator-link" hash-for-method="saveAndCloseTheQuestionBank">saveAndCloseTheQuestionBank</a> <!-- method navigator-link -->
                      </span>
                      <br/>
                      <span>
                        <img src="passed.png" width="3%"/>
                        <a href="#" panel-name="suite-Default_suite" title="ai.iamneo.automation.testcases.BvtSuite" class="method navigator-link" hash-for-method="saveTheCourseDetailsAndMovetoModulesSection">saveTheCourseDetailsAndMovetoModulesSection</a> <!-- method navigator-link -->
                      </span>
                      <br/>
                      <span>
                        <img src="passed.png" width="3%"/>
                        <a href="#" panel-name="suite-Default_suite" title="ai.iamneo.automation.testcases.BvtSuite" class="method navigator-link" hash-for-method="selectBatch">selectBatch</a> <!-- method navigator-link -->
                      </span>
                      <br/>
                      <span>
                        <img src="passed.png" width="3%"/>
                        <a href="#" panel-name="suite-Default_suite" title="ai.iamneo.automation.testcases.BvtSuite" class="method navigator-link" hash-for-method="selectBatchForCourse">selectBatchForCourse</a> <!-- method navigator-link -->
                      </span>
                      <br/>
                      <span>
                        <img src="passed.png" width="3%"/>
                        <a href="#" panel-name="suite-Default_suite" title="ai.iamneo.automation.testcases.BvtSuite" class="method navigator-link" hash-for-method="selectCampus">selectCampus</a> <!-- method navigator-link -->
                      </span>
                      <br/>
                      <span>
                        <img src="passed.png" width="3%"/>
                        <a href="#" panel-name="suite-Default_suite" title="ai.iamneo.automation.testcases.BvtSuite" class="method navigator-link" hash-for-method="selectCampusForCourse">selectCampusForCourse</a> <!-- method navigator-link -->
                      </span>
                      <br/>
                      <span>
                        <img src="passed.png" width="3%"/>
                        <a href="#" panel-name="suite-Default_suite" title="ai.iamneo.automation.testcases.BvtSuite" class="method navigator-link" hash-for-method="selectCourseValidityOfEndPeriod">selectCourseValidityOfEndPeriod</a> <!-- method navigator-link -->
                      </span>
                      <br/>
                      <span>
                        <img src="passed.png" width="3%"/>
                        <a href="#" panel-name="suite-Default_suite" title="ai.iamneo.automation.testcases.BvtSuite" class="method navigator-link" hash-for-method="selectCourseValidityOfStartPeriod">selectCourseValidityOfStartPeriod</a> <!-- method navigator-link -->
                      </span>
                      <br/>
                      <span>
                        <img src="passed.png" width="3%"/>
                        <a href="#" panel-name="suite-Default_suite" title="ai.iamneo.automation.testcases.BvtSuite" class="method navigator-link" hash-for-method="selectCourseValidityType">selectCourseValidityType</a> <!-- method navigator-link -->
                      </span>
                      <br/>
                      <span>
                        <img src="passed.png" width="3%"/>
                        <a href="#" panel-name="suite-Default_suite" title="ai.iamneo.automation.testcases.BvtSuite" class="method navigator-link" hash-for-method="selectDegreeSpecialization">selectDegreeSpecialization</a> <!-- method navigator-link -->
                      </span>
                      <br/>
                      <span>
                        <img src="passed.png" width="3%"/>
                        <a href="#" panel-name="suite-Default_suite" title="ai.iamneo.automation.testcases.BvtSuite" class="method navigator-link" hash-for-method="selectDepartment">selectDepartment</a> <!-- method navigator-link -->
                      </span>
                      <br/>
                      <span>
                        <img src="passed.png" width="3%"/>
                        <a href="#" panel-name="suite-Default_suite" title="ai.iamneo.automation.testcases.BvtSuite" class="method navigator-link" hash-for-method="selectPretextForCourse">selectPretextForCourse</a> <!-- method navigator-link -->
                      </span>
                      <br/>
                      <span>
                        <img src="passed.png" width="3%"/>
                        <a href="#" panel-name="suite-Default_suite" title="ai.iamneo.automation.testcases.BvtSuite" class="method navigator-link" hash-for-method="selectPublishingType">selectPublishingType</a> <!-- method navigator-link -->
                      </span>
                      <br/>
                      <span>
                        <img src="passed.png" width="3%"/>
                        <a href="#" panel-name="suite-Default_suite" title="ai.iamneo.automation.testcases.BvtSuite" class="method navigator-link" hash-for-method="selectQuestionBankCampus">selectQuestionBankCampus</a> <!-- method navigator-link -->
                      </span>
                      <br/>
                      <span>
                        <img src="passed.png" width="3%"/>
                        <a href="#" panel-name="suite-Default_suite" title="ai.iamneo.automation.testcases.BvtSuite" class="method navigator-link" hash-for-method="selectQuestionBankDepartment">selectQuestionBankDepartment</a> <!-- method navigator-link -->
                      </span>
                      <br/>
                      <span>
                        <img src="passed.png" width="3%"/>
                        <a href="#" panel-name="suite-Default_suite" title="ai.iamneo.automation.testcases.BvtSuite" class="method navigator-link" hash-for-method="selectQuestionBankForTest">selectQuestionBankForTest</a> <!-- method navigator-link -->
                      </span>
                      <br/>
                      <span>
                        <img src="passed.png" width="3%"/>
                        <a href="#" panel-name="suite-Default_suite" title="ai.iamneo.automation.testcases.BvtSuite" class="method navigator-link" hash-for-method="selectQuestionSubtypeForMCQ">selectQuestionSubtypeForMCQ</a> <!-- method navigator-link -->
                      </span>
                      <br/>
                      <span>
                        <img src="passed.png" width="3%"/>
                        <a href="#" panel-name="suite-Default_suite" title="ai.iamneo.automation.testcases.BvtSuite" class="method navigator-link" hash-for-method="selectQuestionSubtypeForMultiMCQ">selectQuestionSubtypeForMultiMCQ</a> <!-- method navigator-link -->
                      </span>
                      <br/>
                      <span>
                        <img src="passed.png" width="3%"/>
                        <a href="#" panel-name="suite-Default_suite" title="ai.iamneo.automation.testcases.BvtSuite" class="method navigator-link" hash-for-method="selectQuestionTypeForMCQ">selectQuestionTypeForMCQ</a> <!-- method navigator-link -->
                      </span>
                      <br/>
                      <span>
                        <img src="passed.png" width="3%"/>
                        <a href="#" panel-name="suite-Default_suite" title="ai.iamneo.automation.testcases.BvtSuite" class="method navigator-link" hash-for-method="selectSectionForTest">selectSectionForTest</a> <!-- method navigator-link -->
                      </span>
                      <br/>
                      <span>
                        <img src="passed.png" width="3%"/>
                        <a href="#" panel-name="suite-Default_suite" title="ai.iamneo.automation.testcases.BvtSuite" class="method navigator-link" hash-for-method="selectSharedType">selectSharedType</a> <!-- method navigator-link -->
                      </span>
                      <br/>
                    </div> <!-- method-list-content passed suite-Default_suite -->
                  </li>
                </ul>
              </div> <!-- suite-section-content -->
            </div> <!-- result-section -->
          </div> <!-- navigator-suite-content -->
        </div> <!-- rounded-window -->
      </div> <!-- suite -->
    </div> <!-- navigator-root -->
    <div class="wrapper">
      <div class="main-panel-root">
        <div panel-name="suite-Default_suite" class="panel Default_suite">
          <div class="suite-Default_suite-class-failed">
            <div class="main-panel-header rounded-window-top">
              <img src="failed.png"/>
              <span class="class-name">ai.iamneo.automation.testcases.BvtSuite</span>
            </div> <!-- main-panel-header rounded-window-top -->
            <div class="main-panel-content rounded-window-bottom">
              <div class="method">
                <div class="method-content">
                  <a name="courseDetailsPage">
                  </a> <!-- courseDetailsPage -->
                  <span class="method-name">courseDetailsPage</span>
                  <div class="stack-trace">org.openqa.selenium.TimeoutException: Expected condition failed: waiting for visibility of Proxy element for: DefaultElementLocator &apos;By.xpath: //app-button/button[@tabindex=&apos;0&apos;]/div/div/span&apos; (tried for 60 second(s) with 500 milliseconds interval)
	at org.openqa.selenium.support.ui.WebDriverWait.timeoutException(WebDriverWait.java:138)
	at org.openqa.selenium.support.ui.FluentWait.until(FluentWait.java:231)
	at Reusability.Waits.elementToVisibility(Waits.java:21)
	at ai.iamneo.automation.testcases.BvtSuite.courseDetailsPage(BvtSuite.java:708)
	at java.base/jdk.internal.reflect.NativeMethodAccessorImpl.invoke0(Native Method)
	at java.base/jdk.internal.reflect.NativeMethodAccessorImpl.invoke(NativeMethodAccessorImpl.java:77)
	at java.base/jdk.internal.reflect.DelegatingMethodAccessorImpl.invoke(DelegatingMethodAccessorImpl.java:43)
	at java.base/java.lang.reflect.Method.invoke(Method.java:568)
	at org.testng.internal.MethodInvocationHelper.invokeMethod(MethodInvocationHelper.java:133)
	at org.testng.internal.TestInvoker.invokeMethod(TestInvoker.java:598)
	at org.testng.internal.TestInvoker.invokeTestMethod(TestInvoker.java:173)
	at org.testng.internal.MethodRunner.runInSequence(MethodRunner.java:46)
	at org.testng.internal.TestInvoker$MethodInvocationAgent.invoke(TestInvoker.java:824)
	at org.testng.internal.TestInvoker.invokeTestMethods(TestInvoker.java:146)
	at org.testng.internal.TestMethodWorker.invokeTestMethods(TestMethodWorker.java:146)
	at org.testng.internal.TestMethodWorker.run(TestMethodWorker.java:128)
	at java.base/java.util.ArrayList.forEach(ArrayList.java:1511)
	at org.testng.TestRunner.privateRun(TestRunner.java:794)
	at org.testng.TestRunner.run(TestRunner.java:596)
	at org.testng.SuiteRunner.runTest(SuiteRunner.java:377)
	at org.testng.SuiteRunner.runSequentially(SuiteRunner.java:371)
	at org.testng.SuiteRunner.privateRun(SuiteRunner.java:332)
	at org.testng.SuiteRunner.run(SuiteRunner.java:276)
	at org.testng.SuiteRunnerWorker.runSuite(SuiteRunnerWorker.java:53)
	at org.testng.SuiteRunnerWorker.run(SuiteRunnerWorker.java:96)
	at org.testng.TestNG.runSuitesSequentially(TestNG.java:1212)
	at org.testng.TestNG.runSuitesLocally(TestNG.java:1134)
	at org.testng.TestNG.runSuites(TestNG.java:1063)
	at org.testng.TestNG.run(TestNG.java:1031)
	at org.testng.remote.AbstractRemoteTestNG.run(AbstractRemoteTestNG.java:115)
	at org.testng.remote.RemoteTestNG.initAndRun(RemoteTestNG.java:251)
	at org.testng.remote.RemoteTestNG.main(RemoteTestNG.java:77)
Caused by: org.openqa.selenium.NoSuchElementException: no such element: Unable to locate element: {&quot;method&quot;:&quot;xpath&quot;,&quot;selector&quot;:&quot;//app-button/button[@tabindex=&apos;0&apos;]/div/div/span&quot;}
  (Session info: MicrosoftEdge=118.0.2088.69)
For documentation on this error, please visit: https://selenium.dev/exceptions/#no_such_element
Build info: version: &apos;4.1.1&apos;, revision: &apos;e8fcc2cecf&apos;
System info: host: &apos;DESKTOP-I8HSVVO&apos;, ip: &apos;192.168.50.103&apos;, os.name: &apos;Windows 10&apos;, os.arch: &apos;amd64&apos;, os.version: &apos;10.0&apos;, java.version: &apos;17.0.6&apos;
Driver info: org.openqa.selenium.edge.EdgeDriver
Command: [61e2f01654b6519be78b05faf4ea93cf, findElement {using=xpath, value=//app-button/button[@tabindex=&apos;0&apos;]/div/div/span}]
Capabilities {acceptInsecureCerts: false, browserName: msedge, browserVersion: 118.0.2088.69, fedcm:accounts: true, javascriptEnabled: true, ms:edgeOptions: {debuggerAddress: localhost:60684}, msedge: {msedgedriverVersion: 118.0.2088.69 (3cedde93c707..., userDataDir: C:\Users\LENOVO\AppData\Loc...}, networkConnectionEnabled: false, pageLoadStrategy: normal, platform: WINDOWS, platformName: WINDOWS, proxy: Proxy(), se:cdp: ws://localhost:60684/devtoo..., se:cdpVersion: 118.0.2088.69, setWindowRect: true, strictFileInteractability: false, timeouts: {implicit: 0, pageLoad: 300000, script: 30000}, unhandledPromptBehavior: dismiss and notify, webauthn:extension:credBlob: true, webauthn:extension:largeBlob: true, webauthn:extension:minPinLength: true, webauthn:extension:prf: true, webauthn:virtualAuthenticators: true}
Session ID: 61e2f01654b6519be78b05faf4ea93cf
	at java.base/jdk.internal.reflect.NativeConstructorAccessorImpl.newInstance0(Native Method)
	at java.base/jdk.internal.reflect.NativeConstructorAccessorImpl.newInstance(NativeConstructorAccessorImpl.java:77)
	at java.base/jdk.internal.reflect.DelegatingConstructorAccessorImpl.newInstance(DelegatingConstructorAccessorImpl.java:45)
	at java.base/java.lang.reflect.Constructor.newInstanceWithCaller(Constructor.java:499)
	at java.base/java.lang.reflect.Constructor.newInstance(Constructor.java:480)
	at org.openqa.selenium.remote.codec.w3c.W3CHttpResponseCodec.createException(W3CHttpResponseCodec.java:200)
	at org.openqa.selenium.remote.codec.w3c.W3CHttpResponseCodec.decode(W3CHttpResponseCodec.java:133)
	at org.openqa.selenium.remote.codec.w3c.W3CHttpResponseCodec.decode(W3CHttpResponseCodec.java:53)
	at org.openqa.selenium.remote.HttpCommandExecutor.execute(HttpCommandExecutor.java:184)
	at org.openqa.selenium.remote.service.DriverCommandExecutor.invokeExecute(DriverCommandExecutor.java:167)
	at org.openqa.selenium.remote.service.DriverCommandExecutor.execute(DriverCommandExecutor.java:142)
	at org.openqa.selenium.remote.RemoteWebDriver.execute(RemoteWebDriver.java:543)
	at org.openqa.selenium.remote.ElementLocation$ElementFinder$2.findElement(ElementLocation.java:162)
	at org.openqa.selenium.remote.ElementLocation.findElement(ElementLocation.java:60)
	at org.openqa.selenium.remote.RemoteWebDriver.findElement(RemoteWebDriver.java:367)
	at org.openqa.selenium.remote.RemoteWebDriver.findElement(RemoteWebDriver.java:359)
	at org.openqa.selenium.support.pagefactory.DefaultElementLocator.findElement(DefaultElementLocator.java:70)
	at org.openqa.selenium.support.pagefactory.internal.LocatingElementHandler.invoke(LocatingElementHandler.java:39)
	at jdk.proxy2/jdk.proxy2.$Proxy17.isDisplayed(Unknown Source)
	at org.openqa.selenium.support.ui.ExpectedConditions.elementIfVisible(ExpectedConditions.java:307)
	at org.openqa.selenium.support.ui.ExpectedConditions.access$000(ExpectedConditions.java:40)
	at org.openqa.selenium.support.ui.ExpectedConditions$10.apply(ExpectedConditions.java:293)
	at org.openqa.selenium.support.ui.ExpectedConditions$10.apply(ExpectedConditions.java:290)
	at org.openqa.selenium.support.ui.FluentWait.until(FluentWait.java:208)
	... 30 more

</div> <!-- stack-trace -->
                </div> <!-- method-content -->
              </div> <!-- method -->
              <div class="method">
                <div class="method-content">
                  <a name="courseSelection">
                  </a> <!-- courseSelection -->
                  <span class="method-name">courseSelection</span>
                  <div class="stack-trace">org.openqa.selenium.NoSuchElementException: no such element: Unable to locate element: {&quot;method&quot;:&quot;xpath&quot;,&quot;selector&quot;:&quot;//input[@placeholder=&apos;Search&apos;]&quot;}
  (Session info: MicrosoftEdge=118.0.2088.69)
For documentation on this error, please visit: https://selenium.dev/exceptions/#no_such_element
Build info: version: &apos;4.1.1&apos;, revision: &apos;e8fcc2cecf&apos;
System info: host: &apos;DESKTOP-I8HSVVO&apos;, ip: &apos;192.168.50.103&apos;, os.name: &apos;Windows 10&apos;, os.arch: &apos;amd64&apos;, os.version: &apos;10.0&apos;, java.version: &apos;17.0.6&apos;
Driver info: org.openqa.selenium.edge.EdgeDriver
Command: [61e2f01654b6519be78b05faf4ea93cf, findElement {using=xpath, value=//input[@placeholder=&apos;Search&apos;]}]
Capabilities {acceptInsecureCerts: false, browserName: msedge, browserVersion: 118.0.2088.69, fedcm:accounts: true, javascriptEnabled: true, ms:edgeOptions: {debuggerAddress: localhost:60684}, msedge: {msedgedriverVersion: 118.0.2088.69 (3cedde93c707..., userDataDir: C:\Users\LENOVO\AppData\Loc...}, networkConnectionEnabled: false, pageLoadStrategy: normal, platform: WINDOWS, platformName: WINDOWS, proxy: Proxy(), se:cdp: ws://localhost:60684/devtoo..., se:cdpVersion: 118.0.2088.69, setWindowRect: true, strictFileInteractability: false, timeouts: {implicit: 0, pageLoad: 300000, script: 30000}, unhandledPromptBehavior: dismiss and notify, webauthn:extension:credBlob: true, webauthn:extension:largeBlob: true, webauthn:extension:minPinLength: true, webauthn:extension:prf: true, webauthn:virtualAuthenticators: true}
Session ID: 61e2f01654b6519be78b05faf4ea93cf
	at java.base/jdk.internal.reflect.NativeConstructorAccessorImpl.newInstance0(Native Method)
	at java.base/jdk.internal.reflect.NativeConstructorAccessorImpl.newInstance(NativeConstructorAccessorImpl.java:77)
	at java.base/jdk.internal.reflect.DelegatingConstructorAccessorImpl.newInstance(DelegatingConstructorAccessorImpl.java:45)
	at java.base/java.lang.reflect.Constructor.newInstanceWithCaller(Constructor.java:499)
	at java.base/java.lang.reflect.Constructor.newInstance(Constructor.java:480)
	at org.openqa.selenium.remote.codec.w3c.W3CHttpResponseCodec.createException(W3CHttpResponseCodec.java:200)
	at org.openqa.selenium.remote.codec.w3c.W3CHttpResponseCodec.decode(W3CHttpResponseCodec.java:133)
	at org.openqa.selenium.remote.codec.w3c.W3CHttpResponseCodec.decode(W3CHttpResponseCodec.java:53)
	at org.openqa.selenium.remote.HttpCommandExecutor.execute(HttpCommandExecutor.java:184)
	at org.openqa.selenium.remote.service.DriverCommandExecutor.invokeExecute(DriverCommandExecutor.java:167)
	at org.openqa.selenium.remote.service.DriverCommandExecutor.execute(DriverCommandExecutor.java:142)
	at org.openqa.selenium.remote.RemoteWebDriver.execute(RemoteWebDriver.java:543)
	at org.openqa.selenium.remote.ElementLocation$ElementFinder$2.findElement(ElementLocation.java:162)
	at org.openqa.selenium.remote.ElementLocation.findElement(ElementLocation.java:60)
	at org.openqa.selenium.remote.RemoteWebDriver.findElement(RemoteWebDriver.java:367)
	at org.openqa.selenium.remote.RemoteWebDriver.findElement(RemoteWebDriver.java:359)
	at org.openqa.selenium.support.pagefactory.DefaultElementLocator.findElement(DefaultElementLocator.java:70)
	at org.openqa.selenium.support.pagefactory.internal.LocatingElementHandler.invoke(LocatingElementHandler.java:39)
	at jdk.proxy2/jdk.proxy2.$Proxy17.sendKeys(Unknown Source)
	at ai.iamneo.automation.testcases.BvtSuite.courseSelection(BvtSuite.java:670)
	at java.base/jdk.internal.reflect.NativeMethodAccessorImpl.invoke0(Native Method)
	at java.base/jdk.internal.reflect.NativeMethodAccessorImpl.invoke(NativeMethodAccessorImpl.java:77)
	at java.base/jdk.internal.reflect.DelegatingMethodAccessorImpl.invoke(DelegatingMethodAccessorImpl.java:43)
	at java.base/java.lang.reflect.Method.invoke(Method.java:568)
	at org.testng.internal.MethodInvocationHelper.invokeMethod(MethodInvocationHelper.java:133)
	at org.testng.internal.TestInvoker.invokeMethod(TestInvoker.java:598)
	at org.testng.internal.TestInvoker.invokeTestMethod(TestInvoker.java:173)
	at org.testng.internal.MethodRunner.runInSequence(MethodRunner.java:46)
	at org.testng.internal.TestInvoker$MethodInvocationAgent.invoke(TestInvoker.java:824)
	at org.testng.internal.TestInvoker.invokeTestMethods(TestInvoker.java:146)
	at org.testng.internal.TestMethodWorker.invokeTestMethods(TestMethodWorker.java:146)
	at org.testng.internal.TestMethodWorker.run(TestMethodWorker.java:128)
	at java.base/java.util.ArrayList.forEach(ArrayList.java:1511)
	at org.testng.TestRunner.privateRun(TestRunner.java:794)
	at org.testng.TestRunner.run(TestRunner.java:596)
	at org.testng.SuiteRunner.runTest(SuiteRunner.java:377)
	at org.testng.SuiteRunner.runSequentially(SuiteRunner.java:371)
	at org.testng.SuiteRunner.privateRun(SuiteRunner.java:332)
	at org.testng.SuiteRunner.run(SuiteRunner.java:276)
	at org.testng.SuiteRunnerWorker.runSuite(SuiteRunnerWorker.java:53)
	at org.testng.SuiteRunnerWorker.run(SuiteRunnerWorker.java:96)
	at org.testng.TestNG.runSuitesSequentially(TestNG.java:1212)
	at org.testng.TestNG.runSuitesLocally(TestNG.java:1134)
	at org.testng.TestNG.runSuites(TestNG.java:1063)
	at org.testng.TestNG.run(TestNG.java:1031)
	at org.testng.remote.AbstractRemoteTestNG.run(AbstractRemoteTestNG.java:115)
	at org.testng.remote.RemoteTestNG.initAndRun(RemoteTestNG.java:251)
	at org.testng.remote.RemoteTestNG.main(RemoteTestNG.java:77)

</div> <!-- stack-trace -->
                </div> <!-- method-content -->
              </div> <!-- method -->
              <div class="method">
                <div class="method-content">
                  <a name="mcqMultipleQuestion">
                  </a> <!-- mcqMultipleQuestion -->
                  <span class="method-name">mcqMultipleQuestion</span>
                  <div class="stack-trace">org.openqa.selenium.TimeoutException: Expected condition failed: waiting for visibility of all [] (tried for 60 second(s) with 500 milliseconds interval)
Build info: version: &apos;4.1.1&apos;, revision: &apos;e8fcc2cecf&apos;
System info: host: &apos;DESKTOP-I8HSVVO&apos;, ip: &apos;192.168.50.103&apos;, os.name: &apos;Windows 10&apos;, os.arch: &apos;amd64&apos;, os.version: &apos;10.0&apos;, java.version: &apos;17.0.6&apos;
Driver info: org.openqa.selenium.edge.EdgeDriver
Capabilities {acceptInsecureCerts: false, browserName: msedge, browserVersion: 118.0.2088.69, fedcm:accounts: true, javascriptEnabled: true, ms:edgeOptions: {debuggerAddress: localhost:60684}, msedge: {msedgedriverVersion: 118.0.2088.69 (3cedde93c707..., userDataDir: C:\Users\LENOVO\AppData\Loc...}, networkConnectionEnabled: false, pageLoadStrategy: normal, platform: WINDOWS, platformName: WINDOWS, proxy: Proxy(), se:cdp: ws://localhost:60684/devtoo..., se:cdpVersion: 118.0.2088.69, setWindowRect: true, strictFileInteractability: false, timeouts: {implicit: 0, pageLoad: 300000, script: 30000}, unhandledPromptBehavior: dismiss and notify, webauthn:extension:credBlob: true, webauthn:extension:largeBlob: true, webauthn:extension:minPinLength: true, webauthn:extension:prf: true, webauthn:virtualAuthenticators: true}
Session ID: 61e2f01654b6519be78b05faf4ea93cf
	at org.openqa.selenium.support.ui.WebDriverWait.timeoutException(WebDriverWait.java:138)
	at org.openqa.selenium.support.ui.FluentWait.until(FluentWait.java:231)
	at Reusability.Waits.visibilityAllelements(Waits.java:26)
	at ai.iamneo.automation.testcases.BvtSuite.mcqMultipleQuestion(BvtSuite.java:692)
	at java.base/jdk.internal.reflect.NativeMethodAccessorImpl.invoke0(Native Method)
	at java.base/jdk.internal.reflect.NativeMethodAccessorImpl.invoke(NativeMethodAccessorImpl.java:77)
	at java.base/jdk.internal.reflect.DelegatingMethodAccessorImpl.invoke(DelegatingMethodAccessorImpl.java:43)
	at java.base/java.lang.reflect.Method.invoke(Method.java:568)
	at org.testng.internal.MethodInvocationHelper.invokeMethod(MethodInvocationHelper.java:133)
	at org.testng.internal.TestInvoker.invokeMethod(TestInvoker.java:598)
	at org.testng.internal.TestInvoker.invokeTestMethod(TestInvoker.java:173)
	at org.testng.internal.MethodRunner.runInSequence(MethodRunner.java:46)
	at org.testng.internal.TestInvoker$MethodInvocationAgent.invoke(TestInvoker.java:824)
	at org.testng.internal.TestInvoker.invokeTestMethods(TestInvoker.java:146)
	at org.testng.internal.TestMethodWorker.invokeTestMethods(TestMethodWorker.java:146)
	at org.testng.internal.TestMethodWorker.run(TestMethodWorker.java:128)
	at java.base/java.util.ArrayList.forEach(ArrayList.java:1511)
	at org.testng.TestRunner.privateRun(TestRunner.java:794)
	at org.testng.TestRunner.run(TestRunner.java:596)
	at org.testng.SuiteRunner.runTest(SuiteRunner.java:377)
	at org.testng.SuiteRunner.runSequentially(SuiteRunner.java:371)
	at org.testng.SuiteRunner.privateRun(SuiteRunner.java:332)
	at org.testng.SuiteRunner.run(SuiteRunner.java:276)
	at org.testng.SuiteRunnerWorker.runSuite(SuiteRunnerWorker.java:53)
	at org.testng.SuiteRunnerWorker.run(SuiteRunnerWorker.java:96)
	at org.testng.TestNG.runSuitesSequentially(TestNG.java:1212)
	at org.testng.TestNG.runSuitesLocally(TestNG.java:1134)
	at org.testng.TestNG.runSuites(TestNG.java:1063)
	at org.testng.TestNG.run(TestNG.java:1031)
	at org.testng.remote.AbstractRemoteTestNG.run(AbstractRemoteTestNG.java:115)
	at org.testng.remote.RemoteTestNG.initAndRun(RemoteTestNG.java:251)
	at org.testng.remote.RemoteTestNG.main(RemoteTestNG.java:77)

</div> <!-- stack-trace -->
                </div> <!-- method-content -->
              </div> <!-- method -->
              <div class="method">
                <div class="method-content">
                  <a name="mcqSingleQuestion">
                  </a> <!-- mcqSingleQuestion -->
                  <span class="method-name">mcqSingleQuestion</span>
                  <div class="stack-trace">org.openqa.selenium.TimeoutException: Expected condition failed: waiting for visibility of all [] (tried for 60 second(s) with 500 milliseconds interval)
Build info: version: &apos;4.1.1&apos;, revision: &apos;e8fcc2cecf&apos;
System info: host: &apos;DESKTOP-I8HSVVO&apos;, ip: &apos;192.168.50.103&apos;, os.name: &apos;Windows 10&apos;, os.arch: &apos;amd64&apos;, os.version: &apos;10.0&apos;, java.version: &apos;17.0.6&apos;
Driver info: org.openqa.selenium.edge.EdgeDriver
Capabilities {acceptInsecureCerts: false, browserName: msedge, browserVersion: 118.0.2088.69, fedcm:accounts: true, javascriptEnabled: true, ms:edgeOptions: {debuggerAddress: localhost:60684}, msedge: {msedgedriverVersion: 118.0.2088.69 (3cedde93c707..., userDataDir: C:\Users\LENOVO\AppData\Loc...}, networkConnectionEnabled: false, pageLoadStrategy: normal, platform: WINDOWS, platformName: WINDOWS, proxy: Proxy(), se:cdp: ws://localhost:60684/devtoo..., se:cdpVersion: 118.0.2088.69, setWindowRect: true, strictFileInteractability: false, timeouts: {implicit: 0, pageLoad: 300000, script: 30000}, unhandledPromptBehavior: dismiss and notify, webauthn:extension:credBlob: true, webauthn:extension:largeBlob: true, webauthn:extension:minPinLength: true, webauthn:extension:prf: true, webauthn:virtualAuthenticators: true}
Session ID: 61e2f01654b6519be78b05faf4ea93cf
	at org.openqa.selenium.support.ui.WebDriverWait.timeoutException(WebDriverWait.java:138)
	at org.openqa.selenium.support.ui.FluentWait.until(FluentWait.java:231)
	at Reusability.Waits.visibilityAllelements(Waits.java:26)
	at ai.iamneo.automation.testcases.BvtSuite.mcqSingleQuestion(BvtSuite.java:684)
	at java.base/jdk.internal.reflect.NativeMethodAccessorImpl.invoke0(Native Method)
	at java.base/jdk.internal.reflect.NativeMethodAccessorImpl.invoke(NativeMethodAccessorImpl.java:77)
	at java.base/jdk.internal.reflect.DelegatingMethodAccessorImpl.invoke(DelegatingMethodAccessorImpl.java:43)
	at java.base/java.lang.reflect.Method.invoke(Method.java:568)
	at org.testng.internal.MethodInvocationHelper.invokeMethod(MethodInvocationHelper.java:133)
	at org.testng.internal.TestInvoker.invokeMethod(TestInvoker.java:598)
	at org.testng.internal.TestInvoker.invokeTestMethod(TestInvoker.java:173)
	at org.testng.internal.MethodRunner.runInSequence(MethodRunner.java:46)
	at org.testng.internal.TestInvoker$MethodInvocationAgent.invoke(TestInvoker.java:824)
	at org.testng.internal.TestInvoker.invokeTestMethods(TestInvoker.java:146)
	at org.testng.internal.TestMethodWorker.invokeTestMethods(TestMethodWorker.java:146)
	at org.testng.internal.TestMethodWorker.run(TestMethodWorker.java:128)
	at java.base/java.util.ArrayList.forEach(ArrayList.java:1511)
	at org.testng.TestRunner.privateRun(TestRunner.java:794)
	at org.testng.TestRunner.run(TestRunner.java:596)
	at org.testng.SuiteRunner.runTest(SuiteRunner.java:377)
	at org.testng.SuiteRunner.runSequentially(SuiteRunner.java:371)
	at org.testng.SuiteRunner.privateRun(SuiteRunner.java:332)
	at org.testng.SuiteRunner.run(SuiteRunner.java:276)
	at org.testng.SuiteRunnerWorker.runSuite(SuiteRunnerWorker.java:53)
	at org.testng.SuiteRunnerWorker.run(SuiteRunnerWorker.java:96)
	at org.testng.TestNG.runSuitesSequentially(TestNG.java:1212)
	at org.testng.TestNG.runSuitesLocally(TestNG.java:1134)
	at org.testng.TestNG.runSuites(TestNG.java:1063)
	at org.testng.TestNG.run(TestNG.java:1031)
	at org.testng.remote.AbstractRemoteTestNG.run(AbstractRemoteTestNG.java:115)
	at org.testng.remote.RemoteTestNG.initAndRun(RemoteTestNG.java:251)
	at org.testng.remote.RemoteTestNG.main(RemoteTestNG.java:77)

</div> <!-- stack-trace -->
                </div> <!-- method-content -->
              </div> <!-- method -->
              <div class="method">
                <div class="method-content">
                  <a name="moveToInviteStudentPage">
                  </a> <!-- moveToInviteStudentPage -->
                  <span class="method-name">moveToInviteStudentPage</span>
                  <div class="stack-trace">org.openqa.selenium.ElementClickInterceptedException: element click intercepted: Element &lt;span _ngcontent-sat-c20=&quot;&quot;&gt;...&lt;/span&gt; is not clickable at point (1420, 169). Other element would receive the click: &lt;div class=&quot;ui-growl-item&quot;&gt;...&lt;/div&gt;
  (Session info: MicrosoftEdge=118.0.2088.69)
Build info: version: &apos;4.1.1&apos;, revision: &apos;e8fcc2cecf&apos;
System info: host: &apos;DESKTOP-I8HSVVO&apos;, ip: &apos;192.168.50.103&apos;, os.name: &apos;Windows 10&apos;, os.arch: &apos;amd64&apos;, os.version: &apos;10.0&apos;, java.version: &apos;17.0.6&apos;
Driver info: org.openqa.selenium.edge.EdgeDriver
Command: [61e2f01654b6519be78b05faf4ea93cf, clickElement {id=9527EF4907EEA71C297FAD84114B46E8_element_1594}]
Capabilities {acceptInsecureCerts: false, browserName: msedge, browserVersion: 118.0.2088.69, fedcm:accounts: true, javascriptEnabled: true, ms:edgeOptions: {debuggerAddress: localhost:60684}, msedge: {msedgedriverVersion: 118.0.2088.69 (3cedde93c707..., userDataDir: C:\Users\LENOVO\AppData\Loc...}, networkConnectionEnabled: false, pageLoadStrategy: normal, platform: WINDOWS, platformName: WINDOWS, proxy: Proxy(), se:cdp: ws://localhost:60684/devtoo..., se:cdpVersion: 118.0.2088.69, setWindowRect: true, strictFileInteractability: false, timeouts: {implicit: 0, pageLoad: 300000, script: 30000}, unhandledPromptBehavior: dismiss and notify, webauthn:extension:credBlob: true, webauthn:extension:largeBlob: true, webauthn:extension:minPinLength: true, webauthn:extension:prf: true, webauthn:virtualAuthenticators: true}
Element: [[EdgeDriver: msedge on WINDOWS (61e2f01654b6519be78b05faf4ea93cf)] -&gt; xpath: //span[contains(text(),&quot;+&quot;)]]
Session ID: 61e2f01654b6519be78b05faf4ea93cf
	at java.base/jdk.internal.reflect.NativeConstructorAccessorImpl.newInstance0(Native Method)
	at java.base/jdk.internal.reflect.NativeConstructorAccessorImpl.newInstance(NativeConstructorAccessorImpl.java:77)
	at java.base/jdk.internal.reflect.DelegatingConstructorAccessorImpl.newInstance(DelegatingConstructorAccessorImpl.java:45)
	at java.base/java.lang.reflect.Constructor.newInstanceWithCaller(Constructor.java:499)
	at java.base/java.lang.reflect.Constructor.newInstance(Constructor.java:480)
	at org.openqa.selenium.remote.codec.w3c.W3CHttpResponseCodec.createException(W3CHttpResponseCodec.java:200)
	at org.openqa.selenium.remote.codec.w3c.W3CHttpResponseCodec.decode(W3CHttpResponseCodec.java:133)
	at org.openqa.selenium.remote.codec.w3c.W3CHttpResponseCodec.decode(W3CHttpResponseCodec.java:53)
	at org.openqa.selenium.remote.HttpCommandExecutor.execute(HttpCommandExecutor.java:184)
	at org.openqa.selenium.remote.service.DriverCommandExecutor.invokeExecute(DriverCommandExecutor.java:167)
	at org.openqa.selenium.remote.service.DriverCommandExecutor.execute(DriverCommandExecutor.java:142)
	at org.openqa.selenium.remote.RemoteWebDriver.execute(RemoteWebDriver.java:543)
	at org.openqa.selenium.remote.RemoteWebElement.execute(RemoteWebElement.java:251)
	at org.openqa.selenium.remote.RemoteWebElement.click(RemoteWebElement.java:77)
	at jdk.internal.reflect.GeneratedMethodAccessor3.invoke(Unknown Source)
	at java.base/jdk.internal.reflect.DelegatingMethodAccessorImpl.invoke(DelegatingMethodAccessorImpl.java:43)
	at java.base/java.lang.reflect.Method.invoke(Method.java:568)
	at org.openqa.selenium.support.pagefactory.internal.LocatingElementHandler.invoke(LocatingElementHandler.java:52)
	at jdk.proxy2/jdk.proxy2.$Proxy17.click(Unknown Source)
	at ai.iamneo.automation.testcases.BvtSuite.moveToInviteStudentPage(BvtSuite.java:607)
	at java.base/jdk.internal.reflect.NativeMethodAccessorImpl.invoke0(Native Method)
	at java.base/jdk.internal.reflect.NativeMethodAccessorImpl.invoke(NativeMethodAccessorImpl.java:77)
	at java.base/jdk.internal.reflect.DelegatingMethodAccessorImpl.invoke(DelegatingMethodAccessorImpl.java:43)
	at java.base/java.lang.reflect.Method.invoke(Method.java:568)
	at org.testng.internal.MethodInvocationHelper.invokeMethod(MethodInvocationHelper.java:133)
	at org.testng.internal.TestInvoker.invokeMethod(TestInvoker.java:598)
	at org.testng.internal.TestInvoker.invokeTestMethod(TestInvoker.java:173)
	at org.testng.internal.MethodRunner.runInSequence(MethodRunner.java:46)
	at org.testng.internal.TestInvoker$MethodInvocationAgent.invoke(TestInvoker.java:824)
	at org.testng.internal.TestInvoker.invokeTestMethods(TestInvoker.java:146)
	at org.testng.internal.TestMethodWorker.invokeTestMethods(TestMethodWorker.java:146)
	at org.testng.internal.TestMethodWorker.run(TestMethodWorker.java:128)
	at java.base/java.util.ArrayList.forEach(ArrayList.java:1511)
	at org.testng.TestRunner.privateRun(TestRunner.java:794)
	at org.testng.TestRunner.run(TestRunner.java:596)
	at org.testng.SuiteRunner.runTest(SuiteRunner.java:377)
	at org.testng.SuiteRunner.runSequentially(SuiteRunner.java:371)
	at org.testng.SuiteRunner.privateRun(SuiteRunner.java:332)
	at org.testng.SuiteRunner.run(SuiteRunner.java:276)
	at org.testng.SuiteRunnerWorker.runSuite(SuiteRunnerWorker.java:53)
	at org.testng.SuiteRunnerWorker.run(SuiteRunnerWorker.java:96)
	at org.testng.TestNG.runSuitesSequentially(TestNG.java:1212)
	at org.testng.TestNG.runSuitesLocally(TestNG.java:1134)
	at org.testng.TestNG.runSuites(TestNG.java:1063)
	at org.testng.TestNG.run(TestNG.java:1031)
	at org.testng.remote.AbstractRemoteTestNG.run(AbstractRemoteTestNG.java:115)
	at org.testng.remote.RemoteTestNG.initAndRun(RemoteTestNG.java:251)
	at org.testng.remote.RemoteTestNG.main(RemoteTestNG.java:77)

</div> <!-- stack-trace -->
                </div> <!-- method-content -->
              </div> <!-- method -->
              <div class="method">
                <div class="method-content">
                  <a name="selectStudentForEnrollment">
                  </a> <!-- selectStudentForEnrollment -->
                  <span class="method-name">selectStudentForEnrollment</span>
                  <div class="stack-trace">org.openqa.selenium.TimeoutException: Expected condition failed: waiting for element to be clickable: Proxy element for: DefaultElementLocator &apos;By.xpath: //p-dropdown[@name=&apos;SearchBy&apos;]&apos; (tried for 80 second(s) with 500 milliseconds interval)
	at org.openqa.selenium.support.ui.WebDriverWait.timeoutException(WebDriverWait.java:138)
	at org.openqa.selenium.support.ui.FluentWait.until(FluentWait.java:231)
	at Reusability.Waits.elementToBeClickable(Waits.java:16)
	at ai.iamneo.automation.testcases.BvtSuite.selectStudentForEnrollment(BvtSuite.java:613)
	at java.base/jdk.internal.reflect.NativeMethodAccessorImpl.invoke0(Native Method)
	at java.base/jdk.internal.reflect.NativeMethodAccessorImpl.invoke(NativeMethodAccessorImpl.java:77)
	at java.base/jdk.internal.reflect.DelegatingMethodAccessorImpl.invoke(DelegatingMethodAccessorImpl.java:43)
	at java.base/java.lang.reflect.Method.invoke(Method.java:568)
	at org.testng.internal.MethodInvocationHelper.invokeMethod(MethodInvocationHelper.java:133)
	at org.testng.internal.TestInvoker.invokeMethod(TestInvoker.java:598)
	at org.testng.internal.TestInvoker.invokeTestMethod(TestInvoker.java:173)
	at org.testng.internal.MethodRunner.runInSequence(MethodRunner.java:46)
	at org.testng.internal.TestInvoker$MethodInvocationAgent.invoke(TestInvoker.java:824)
	at org.testng.internal.TestInvoker.invokeTestMethods(TestInvoker.java:146)
	at org.testng.internal.TestMethodWorker.invokeTestMethods(TestMethodWorker.java:146)
	at org.testng.internal.TestMethodWorker.run(TestMethodWorker.java:128)
	at java.base/java.util.ArrayList.forEach(ArrayList.java:1511)
	at org.testng.TestRunner.privateRun(TestRunner.java:794)
	at org.testng.TestRunner.run(TestRunner.java:596)
	at org.testng.SuiteRunner.runTest(SuiteRunner.java:377)
	at org.testng.SuiteRunner.runSequentially(SuiteRunner.java:371)
	at org.testng.SuiteRunner.privateRun(SuiteRunner.java:332)
	at org.testng.SuiteRunner.run(SuiteRunner.java:276)
	at org.testng.SuiteRunnerWorker.runSuite(SuiteRunnerWorker.java:53)
	at org.testng.SuiteRunnerWorker.run(SuiteRunnerWorker.java:96)
	at org.testng.TestNG.runSuitesSequentially(TestNG.java:1212)
	at org.testng.TestNG.runSuitesLocally(TestNG.java:1134)
	at org.testng.TestNG.runSuites(TestNG.java:1063)
	at org.testng.TestNG.run(TestNG.java:1031)
	at org.testng.remote.AbstractRemoteTestNG.run(AbstractRemoteTestNG.java:115)
	at org.testng.remote.RemoteTestNG.initAndRun(RemoteTestNG.java:251)
	at org.testng.remote.RemoteTestNG.main(RemoteTestNG.java:77)
Caused by: org.openqa.selenium.NoSuchElementException: no such element: Unable to locate element: {&quot;method&quot;:&quot;xpath&quot;,&quot;selector&quot;:&quot;//p-dropdown[@name=&apos;SearchBy&apos;]&quot;}
  (Session info: MicrosoftEdge=118.0.2088.69)
For documentation on this error, please visit: https://selenium.dev/exceptions/#no_such_element
Build info: version: &apos;4.1.1&apos;, revision: &apos;e8fcc2cecf&apos;
System info: host: &apos;DESKTOP-I8HSVVO&apos;, ip: &apos;192.168.50.103&apos;, os.name: &apos;Windows 10&apos;, os.arch: &apos;amd64&apos;, os.version: &apos;10.0&apos;, java.version: &apos;17.0.6&apos;
Driver info: org.openqa.selenium.edge.EdgeDriver
Command: [61e2f01654b6519be78b05faf4ea93cf, findElement {using=xpath, value=//p-dropdown[@name=&apos;SearchBy&apos;]}]
Capabilities {acceptInsecureCerts: false, browserName: msedge, browserVersion: 118.0.2088.69, fedcm:accounts: true, javascriptEnabled: true, ms:edgeOptions: {debuggerAddress: localhost:60684}, msedge: {msedgedriverVersion: 118.0.2088.69 (3cedde93c707..., userDataDir: C:\Users\LENOVO\AppData\Loc...}, networkConnectionEnabled: false, pageLoadStrategy: normal, platform: WINDOWS, platformName: WINDOWS, proxy: Proxy(), se:cdp: ws://localhost:60684/devtoo..., se:cdpVersion: 118.0.2088.69, setWindowRect: true, strictFileInteractability: false, timeouts: {implicit: 0, pageLoad: 300000, script: 30000}, unhandledPromptBehavior: dismiss and notify, webauthn:extension:credBlob: true, webauthn:extension:largeBlob: true, webauthn:extension:minPinLength: true, webauthn:extension:prf: true, webauthn:virtualAuthenticators: true}
Session ID: 61e2f01654b6519be78b05faf4ea93cf
	at java.base/jdk.internal.reflect.NativeConstructorAccessorImpl.newInstance0(Native Method)
	at java.base/jdk.internal.reflect.NativeConstructorAccessorImpl.newInstance(NativeConstructorAccessorImpl.java:77)
	at java.base/jdk.internal.reflect.DelegatingConstructorAccessorImpl.newInstance(DelegatingConstructorAccessorImpl.java:45)
	at java.base/java.lang.reflect.Constructor.newInstanceWithCaller(Constructor.java:499)
	at java.base/java.lang.reflect.Constructor.newInstance(Constructor.java:480)
	at org.openqa.selenium.remote.codec.w3c.W3CHttpResponseCodec.createException(W3CHttpResponseCodec.java:200)
	at org.openqa.selenium.remote.codec.w3c.W3CHttpResponseCodec.decode(W3CHttpResponseCodec.java:133)
	at org.openqa.selenium.remote.codec.w3c.W3CHttpResponseCodec.decode(W3CHttpResponseCodec.java:53)
	at org.openqa.selenium.remote.HttpCommandExecutor.execute(HttpCommandExecutor.java:184)
	at org.openqa.selenium.remote.service.DriverCommandExecutor.invokeExecute(DriverCommandExecutor.java:167)
	at org.openqa.selenium.remote.service.DriverCommandExecutor.execute(DriverCommandExecutor.java:142)
	at org.openqa.selenium.remote.RemoteWebDriver.execute(RemoteWebDriver.java:543)
	at org.openqa.selenium.remote.ElementLocation$ElementFinder$2.findElement(ElementLocation.java:162)
	at org.openqa.selenium.remote.ElementLocation.findElement(ElementLocation.java:60)
	at org.openqa.selenium.remote.RemoteWebDriver.findElement(RemoteWebDriver.java:367)
	at org.openqa.selenium.remote.RemoteWebDriver.findElement(RemoteWebDriver.java:359)
	at org.openqa.selenium.support.pagefactory.DefaultElementLocator.findElement(DefaultElementLocator.java:70)
	at org.openqa.selenium.support.pagefactory.internal.LocatingElementHandler.invoke(LocatingElementHandler.java:39)
	at jdk.proxy2/jdk.proxy2.$Proxy17.isDisplayed(Unknown Source)
	at org.openqa.selenium.support.ui.ExpectedConditions.elementIfVisible(ExpectedConditions.java:307)
	at org.openqa.selenium.support.ui.ExpectedConditions.access$000(ExpectedConditions.java:40)
	at org.openqa.selenium.support.ui.ExpectedConditions$10.apply(ExpectedConditions.java:293)
	at org.openqa.selenium.support.ui.ExpectedConditions$10.apply(ExpectedConditions.java:290)
	at org.openqa.selenium.support.ui.ExpectedConditions$23.apply(ExpectedConditions.java:660)
	at org.openqa.selenium.support.ui.ExpectedConditions$23.apply(ExpectedConditions.java:656)
	at org.openqa.selenium.support.ui.FluentWait.until(FluentWait.java:208)
	... 30 more

</div> <!-- stack-trace -->
                </div> <!-- method-content -->
              </div> <!-- method -->
              <div class="method">
                <div class="method-content">
                  <a name="studentPortalLogin">
                  </a> <!-- studentPortalLogin -->
                  <span class="method-name">studentPortalLogin</span>
                  <div class="stack-trace">java.lang.IllegalArgumentException: Keys to send should be a not null CharSequence
	at org.openqa.selenium.remote.RemoteWebElement.sendKeys(RemoteWebElement.java:92)
	at jdk.internal.reflect.GeneratedMethodAccessor5.invoke(Unknown Source)
	at java.base/jdk.internal.reflect.DelegatingMethodAccessorImpl.invoke(DelegatingMethodAccessorImpl.java:43)
	at java.base/java.lang.reflect.Method.invoke(Method.java:568)
	at org.openqa.selenium.support.pagefactory.internal.LocatingElementHandler.invoke(LocatingElementHandler.java:52)
	at jdk.proxy2/jdk.proxy2.$Proxy17.sendKeys(Unknown Source)
	at ai.iamneo.automation.testcases.BvtSuite.studentPortalLogin(BvtSuite.java:647)
	at java.base/jdk.internal.reflect.NativeMethodAccessorImpl.invoke0(Native Method)
	at java.base/jdk.internal.reflect.NativeMethodAccessorImpl.invoke(NativeMethodAccessorImpl.java:77)
	at java.base/jdk.internal.reflect.DelegatingMethodAccessorImpl.invoke(DelegatingMethodAccessorImpl.java:43)
	at java.base/java.lang.reflect.Method.invoke(Method.java:568)
	at org.testng.internal.MethodInvocationHelper.invokeMethod(MethodInvocationHelper.java:133)
	at org.testng.internal.TestInvoker.invokeMethod(TestInvoker.java:598)
	at org.testng.internal.TestInvoker.invokeTestMethod(TestInvoker.java:173)
	at org.testng.internal.MethodRunner.runInSequence(MethodRunner.java:46)
	at org.testng.internal.TestInvoker$MethodInvocationAgent.invoke(TestInvoker.java:824)
	at org.testng.internal.TestInvoker.invokeTestMethods(TestInvoker.java:146)
	at org.testng.internal.TestMethodWorker.invokeTestMethods(TestMethodWorker.java:146)
	at org.testng.internal.TestMethodWorker.run(TestMethodWorker.java:128)
	at java.base/java.util.ArrayList.forEach(ArrayList.java:1511)
	at org.testng.TestRunner.privateRun(TestRunner.java:794)
	at org.testng.TestRunner.run(TestRunner.java:596)
	at org.testng.SuiteRunner.runTest(SuiteRunner.java:377)
	at org.testng.SuiteRunner.runSequentially(SuiteRunner.java:371)
	at org.testng.SuiteRunner.privateRun(SuiteRunner.java:332)
	at org.testng.SuiteRunner.run(SuiteRunner.java:276)
	at org.testng.SuiteRunnerWorker.runSuite(SuiteRunnerWorker.java:53)
	at org.testng.SuiteRunnerWorker.run(SuiteRunnerWorker.java:96)
	at org.testng.TestNG.runSuitesSequentially(TestNG.java:1212)
	at org.testng.TestNG.runSuitesLocally(TestNG.java:1134)
	at org.testng.TestNG.runSuites(TestNG.java:1063)
	at org.testng.TestNG.run(TestNG.java:1031)
	at org.testng.remote.AbstractRemoteTestNG.run(AbstractRemoteTestNG.java:115)
	at org.testng.remote.RemoteTestNG.initAndRun(RemoteTestNG.java:251)
	at org.testng.remote.RemoteTestNG.main(RemoteTestNG.java:77)

</div> <!-- stack-trace -->
                </div> <!-- method-content -->
              </div> <!-- method -->
              <div class="method">
                <div class="method-content">
                  <a name="submitTest">
                  </a> <!-- submitTest -->
                  <span class="method-name">submitTest</span>
                  <div class="stack-trace">org.openqa.selenium.TimeoutException: Expected condition failed: waiting for element to be clickable: Proxy element for: DefaultElementLocator &apos;By.xpath: //span[contains(text(),&apos;Submit Test&apos;)]&apos; (tried for 80 second(s) with 500 milliseconds interval)
	at org.openqa.selenium.support.ui.WebDriverWait.timeoutException(WebDriverWait.java:138)
	at org.openqa.selenium.support.ui.FluentWait.until(FluentWait.java:231)
	at Reusability.Waits.elementToBeClickable(Waits.java:16)
	at ai.iamneo.automation.testcases.BvtSuite.submitTest(BvtSuite.java:699)
	at java.base/jdk.internal.reflect.NativeMethodAccessorImpl.invoke0(Native Method)
	at java.base/jdk.internal.reflect.NativeMethodAccessorImpl.invoke(NativeMethodAccessorImpl.java:77)
	at java.base/jdk.internal.reflect.DelegatingMethodAccessorImpl.invoke(DelegatingMethodAccessorImpl.java:43)
	at java.base/java.lang.reflect.Method.invoke(Method.java:568)
	at org.testng.internal.MethodInvocationHelper.invokeMethod(MethodInvocationHelper.java:133)
	at org.testng.internal.TestInvoker.invokeMethod(TestInvoker.java:598)
	at org.testng.internal.TestInvoker.invokeTestMethod(TestInvoker.java:173)
	at org.testng.internal.MethodRunner.runInSequence(MethodRunner.java:46)
	at org.testng.internal.TestInvoker$MethodInvocationAgent.invoke(TestInvoker.java:824)
	at org.testng.internal.TestInvoker.invokeTestMethods(TestInvoker.java:146)
	at org.testng.internal.TestMethodWorker.invokeTestMethods(TestMethodWorker.java:146)
	at org.testng.internal.TestMethodWorker.run(TestMethodWorker.java:128)
	at java.base/java.util.ArrayList.forEach(ArrayList.java:1511)
	at org.testng.TestRunner.privateRun(TestRunner.java:794)
	at org.testng.TestRunner.run(TestRunner.java:596)
	at org.testng.SuiteRunner.runTest(SuiteRunner.java:377)
	at org.testng.SuiteRunner.runSequentially(SuiteRunner.java:371)
	at org.testng.SuiteRunner.privateRun(SuiteRunner.java:332)
	at org.testng.SuiteRunner.run(SuiteRunner.java:276)
	at org.testng.SuiteRunnerWorker.runSuite(SuiteRunnerWorker.java:53)
	at org.testng.SuiteRunnerWorker.run(SuiteRunnerWorker.java:96)
	at org.testng.TestNG.runSuitesSequentially(TestNG.java:1212)
	at org.testng.TestNG.runSuitesLocally(TestNG.java:1134)
	at org.testng.TestNG.runSuites(TestNG.java:1063)
	at org.testng.TestNG.run(TestNG.java:1031)
	at org.testng.remote.AbstractRemoteTestNG.run(AbstractRemoteTestNG.java:115)
	at org.testng.remote.RemoteTestNG.initAndRun(RemoteTestNG.java:251)
	at org.testng.remote.RemoteTestNG.main(RemoteTestNG.java:77)
Caused by: org.openqa.selenium.NoSuchElementException: no such element: Unable to locate element: {&quot;method&quot;:&quot;xpath&quot;,&quot;selector&quot;:&quot;//span[contains(text(),&apos;Submit Test&apos;)]&quot;}
  (Session info: MicrosoftEdge=118.0.2088.69)
For documentation on this error, please visit: https://selenium.dev/exceptions/#no_such_element
Build info: version: &apos;4.1.1&apos;, revision: &apos;e8fcc2cecf&apos;
System info: host: &apos;DESKTOP-I8HSVVO&apos;, ip: &apos;192.168.50.103&apos;, os.name: &apos;Windows 10&apos;, os.arch: &apos;amd64&apos;, os.version: &apos;10.0&apos;, java.version: &apos;17.0.6&apos;
Driver info: org.openqa.selenium.edge.EdgeDriver
Command: [61e2f01654b6519be78b05faf4ea93cf, findElement {using=xpath, value=//span[contains(text(),&apos;Submit Test&apos;)]}]
Capabilities {acceptInsecureCerts: false, browserName: msedge, browserVersion: 118.0.2088.69, fedcm:accounts: true, javascriptEnabled: true, ms:edgeOptions: {debuggerAddress: localhost:60684}, msedge: {msedgedriverVersion: 118.0.2088.69 (3cedde93c707..., userDataDir: C:\Users\LENOVO\AppData\Loc...}, networkConnectionEnabled: false, pageLoadStrategy: normal, platform: WINDOWS, platformName: WINDOWS, proxy: Proxy(), se:cdp: ws://localhost:60684/devtoo..., se:cdpVersion: 118.0.2088.69, setWindowRect: true, strictFileInteractability: false, timeouts: {implicit: 0, pageLoad: 300000, script: 30000}, unhandledPromptBehavior: dismiss and notify, webauthn:extension:credBlob: true, webauthn:extension:largeBlob: true, webauthn:extension:minPinLength: true, webauthn:extension:prf: true, webauthn:virtualAuthenticators: true}
Session ID: 61e2f01654b6519be78b05faf4ea93cf
	at java.base/jdk.internal.reflect.NativeConstructorAccessorImpl.newInstance0(Native Method)
	at java.base/jdk.internal.reflect.NativeConstructorAccessorImpl.newInstance(NativeConstructorAccessorImpl.java:77)
	at java.base/jdk.internal.reflect.DelegatingConstructorAccessorImpl.newInstance(DelegatingConstructorAccessorImpl.java:45)
	at java.base/java.lang.reflect.Constructor.newInstanceWithCaller(Constructor.java:499)
	at java.base/java.lang.reflect.Constructor.newInstance(Constructor.java:480)
	at org.openqa.selenium.remote.codec.w3c.W3CHttpResponseCodec.createException(W3CHttpResponseCodec.java:200)
	at org.openqa.selenium.remote.codec.w3c.W3CHttpResponseCodec.decode(W3CHttpResponseCodec.java:133)
	at org.openqa.selenium.remote.codec.w3c.W3CHttpResponseCodec.decode(W3CHttpResponseCodec.java:53)
	at org.openqa.selenium.remote.HttpCommandExecutor.execute(HttpCommandExecutor.java:184)
	at org.openqa.selenium.remote.service.DriverCommandExecutor.invokeExecute(DriverCommandExecutor.java:167)
	at org.openqa.selenium.remote.service.DriverCommandExecutor.execute(DriverCommandExecutor.java:142)
	at org.openqa.selenium.remote.RemoteWebDriver.execute(RemoteWebDriver.java:543)
	at org.openqa.selenium.remote.ElementLocation$ElementFinder$2.findElement(ElementLocation.java:162)
	at org.openqa.selenium.remote.ElementLocation.findElement(ElementLocation.java:60)
	at org.openqa.selenium.remote.RemoteWebDriver.findElement(RemoteWebDriver.java:367)
	at org.openqa.selenium.remote.RemoteWebDriver.findElement(RemoteWebDriver.java:359)
	at org.openqa.selenium.support.pagefactory.DefaultElementLocator.findElement(DefaultElementLocator.java:70)
	at org.openqa.selenium.support.pagefactory.internal.LocatingElementHandler.invoke(LocatingElementHandler.java:39)
	at jdk.proxy2/jdk.proxy2.$Proxy17.isDisplayed(Unknown Source)
	at org.openqa.selenium.support.ui.ExpectedConditions.elementIfVisible(ExpectedConditions.java:307)
	at org.openqa.selenium.support.ui.ExpectedConditions.access$000(ExpectedConditions.java:40)
	at org.openqa.selenium.support.ui.ExpectedConditions$10.apply(ExpectedConditions.java:293)
	at org.openqa.selenium.support.ui.ExpectedConditions$10.apply(ExpectedConditions.java:290)
	at org.openqa.selenium.support.ui.ExpectedConditions$23.apply(ExpectedConditions.java:660)
	at org.openqa.selenium.support.ui.ExpectedConditions$23.apply(ExpectedConditions.java:656)
	at org.openqa.selenium.support.ui.FluentWait.until(FluentWait.java:208)
	... 30 more

</div> <!-- stack-trace -->
                </div> <!-- method-content -->
              </div> <!-- method -->
              <div class="method">
                <div class="method-content">
                  <a name="testTaking">
                  </a> <!-- testTaking -->
                  <span class="method-name">testTaking</span>
                  <div class="stack-trace">org.openqa.selenium.NoSuchElementException: no such element: Unable to locate element: {&quot;method&quot;:&quot;xpath&quot;,&quot;selector&quot;:&quot;//app-button/button[@tabindex=&apos;0&apos;]/div/div/span&quot;}
  (Session info: MicrosoftEdge=118.0.2088.69)
For documentation on this error, please visit: https://selenium.dev/exceptions/#no_such_element
Build info: version: &apos;4.1.1&apos;, revision: &apos;e8fcc2cecf&apos;
System info: host: &apos;DESKTOP-I8HSVVO&apos;, ip: &apos;192.168.50.103&apos;, os.name: &apos;Windows 10&apos;, os.arch: &apos;amd64&apos;, os.version: &apos;10.0&apos;, java.version: &apos;17.0.6&apos;
Driver info: org.openqa.selenium.edge.EdgeDriver
Command: [61e2f01654b6519be78b05faf4ea93cf, findElement {using=xpath, value=//app-button/button[@tabindex=&apos;0&apos;]/div/div/span}]
Capabilities {acceptInsecureCerts: false, browserName: msedge, browserVersion: 118.0.2088.69, fedcm:accounts: true, javascriptEnabled: true, ms:edgeOptions: {debuggerAddress: localhost:60684}, msedge: {msedgedriverVersion: 118.0.2088.69 (3cedde93c707..., userDataDir: C:\Users\LENOVO\AppData\Loc...}, networkConnectionEnabled: false, pageLoadStrategy: normal, platform: WINDOWS, platformName: WINDOWS, proxy: Proxy(), se:cdp: ws://localhost:60684/devtoo..., se:cdpVersion: 118.0.2088.69, setWindowRect: true, strictFileInteractability: false, timeouts: {implicit: 0, pageLoad: 300000, script: 30000}, unhandledPromptBehavior: dismiss and notify, webauthn:extension:credBlob: true, webauthn:extension:largeBlob: true, webauthn:extension:minPinLength: true, webauthn:extension:prf: true, webauthn:virtualAuthenticators: true}
Session ID: 61e2f01654b6519be78b05faf4ea93cf
	at java.base/jdk.internal.reflect.NativeConstructorAccessorImpl.newInstance0(Native Method)
	at java.base/jdk.internal.reflect.NativeConstructorAccessorImpl.newInstance(NativeConstructorAccessorImpl.java:77)
	at java.base/jdk.internal.reflect.DelegatingConstructorAccessorImpl.newInstance(DelegatingConstructorAccessorImpl.java:45)
	at java.base/java.lang.reflect.Constructor.newInstanceWithCaller(Constructor.java:499)
	at java.base/java.lang.reflect.Constructor.newInstance(Constructor.java:480)
	at org.openqa.selenium.remote.codec.w3c.W3CHttpResponseCodec.createException(W3CHttpResponseCodec.java:200)
	at org.openqa.selenium.remote.codec.w3c.W3CHttpResponseCodec.decode(W3CHttpResponseCodec.java:133)
	at org.openqa.selenium.remote.codec.w3c.W3CHttpResponseCodec.decode(W3CHttpResponseCodec.java:53)
	at org.openqa.selenium.remote.HttpCommandExecutor.execute(HttpCommandExecutor.java:184)
	at org.openqa.selenium.remote.service.DriverCommandExecutor.invokeExecute(DriverCommandExecutor.java:167)
	at org.openqa.selenium.remote.service.DriverCommandExecutor.execute(DriverCommandExecutor.java:142)
	at org.openqa.selenium.remote.RemoteWebDriver.execute(RemoteWebDriver.java:543)
	at org.openqa.selenium.remote.ElementLocation$ElementFinder$2.findElement(ElementLocation.java:162)
	at org.openqa.selenium.remote.ElementLocation.findElement(ElementLocation.java:60)
	at org.openqa.selenium.remote.RemoteWebDriver.findElement(RemoteWebDriver.java:367)
	at org.openqa.selenium.remote.RemoteWebDriver.findElement(RemoteWebDriver.java:359)
	at org.openqa.selenium.support.pagefactory.DefaultElementLocator.findElement(DefaultElementLocator.java:70)
	at org.openqa.selenium.support.pagefactory.internal.LocatingElementHandler.invoke(LocatingElementHandler.java:39)
	at jdk.proxy2/jdk.proxy2.$Proxy17.click(Unknown Source)
	at ai.iamneo.automation.testcases.BvtSuite.testTaking(BvtSuite.java:677)
	at java.base/jdk.internal.reflect.NativeMethodAccessorImpl.invoke0(Native Method)
	at java.base/jdk.internal.reflect.NativeMethodAccessorImpl.invoke(NativeMethodAccessorImpl.java:77)
	at java.base/jdk.internal.reflect.DelegatingMethodAccessorImpl.invoke(DelegatingMethodAccessorImpl.java:43)
	at java.base/java.lang.reflect.Method.invoke(Method.java:568)
	at org.testng.internal.MethodInvocationHelper.invokeMethod(MethodInvocationHelper.java:133)
	at org.testng.internal.TestInvoker.invokeMethod(TestInvoker.java:598)
	at org.testng.internal.TestInvoker.invokeTestMethod(TestInvoker.java:173)
	at org.testng.internal.MethodRunner.runInSequence(MethodRunner.java:46)
	at org.testng.internal.TestInvoker$MethodInvocationAgent.invoke(TestInvoker.java:824)
	at org.testng.internal.TestInvoker.invokeTestMethods(TestInvoker.java:146)
	at org.testng.internal.TestMethodWorker.invokeTestMethods(TestMethodWorker.java:146)
	at org.testng.internal.TestMethodWorker.run(TestMethodWorker.java:128)
	at java.base/java.util.ArrayList.forEach(ArrayList.java:1511)
	at org.testng.TestRunner.privateRun(TestRunner.java:794)
	at org.testng.TestRunner.run(TestRunner.java:596)
	at org.testng.SuiteRunner.runTest(SuiteRunner.java:377)
	at org.testng.SuiteRunner.runSequentially(SuiteRunner.java:371)
	at org.testng.SuiteRunner.privateRun(SuiteRunner.java:332)
	at org.testng.SuiteRunner.run(SuiteRunner.java:276)
	at org.testng.SuiteRunnerWorker.runSuite(SuiteRunnerWorker.java:53)
	at org.testng.SuiteRunnerWorker.run(SuiteRunnerWorker.java:96)
	at org.testng.TestNG.runSuitesSequentially(TestNG.java:1212)
	at org.testng.TestNG.runSuitesLocally(TestNG.java:1134)
	at org.testng.TestNG.runSuites(TestNG.java:1063)
	at org.testng.TestNG.run(TestNG.java:1031)
	at org.testng.remote.AbstractRemoteTestNG.run(AbstractRemoteTestNG.java:115)
	at org.testng.remote.RemoteTestNG.initAndRun(RemoteTestNG.java:251)
	at org.testng.remote.RemoteTestNG.main(RemoteTestNG.java:77)

</div> <!-- stack-trace -->
                </div> <!-- method-content -->
              </div> <!-- method -->
            </div> <!-- main-panel-content rounded-window-bottom -->
          </div> <!-- suite-Default_suite-class-failed -->
          <div class="suite-Default_suite-class-passed">
            <div class="main-panel-header rounded-window-top">
              <img src="passed.png"/>
              <span class="class-name">ai.iamneo.automation.testcases.BvtSuite</span>
            </div> <!-- main-panel-header rounded-window-top -->
            <div class="main-panel-content rounded-window-bottom">
              <div class="method">
                <div class="method-content">
                  <a name="addMCQMultiQuestionOptions">
                  </a> <!-- addMCQMultiQuestionOptions -->
                  <span class="method-name">addMCQMultiQuestionOptions</span>
                </div> <!-- method-content -->
              </div> <!-- method -->
              <div class="method">
                <div class="method-content">
                  <a name="addMCQQuestionOptions">
                  </a> <!-- addMCQQuestionOptions -->
                  <span class="method-name">addMCQQuestionOptions</span>
                </div> <!-- method-content -->
              </div> <!-- method -->
              <div class="method">
                <div class="method-content">
                  <a name="addNewModuleAndEnterModuleName">
                  </a> <!-- addNewModuleAndEnterModuleName -->
                  <span class="method-name">addNewModuleAndEnterModuleName</span>
                </div> <!-- method-content -->
              </div> <!-- method -->
              <div class="method">
                <div class="method-content">
                  <a name="addQuestionToSectionForTest">
                  </a> <!-- addQuestionToSectionForTest -->
                  <span class="method-name">addQuestionToSectionForTest</span>
                </div> <!-- method-content -->
              </div> <!-- method -->
              <div class="method">
                <div class="method-content">
                  <a name="addTestToTheCourseModule">
                  </a> <!-- addTestToTheCourseModule -->
                  <span class="method-name">addTestToTheCourseModule</span>
                </div> <!-- method-content -->
              </div> <!-- method -->
              <div class="method">
                <div class="method-content">
                  <a name="adminHomepageValidation">
                  </a> <!-- adminHomepageValidation -->
                  <span class="method-name">adminHomepageValidation</span>
                </div> <!-- method-content -->
              </div> <!-- method -->
              <div class="method">
                <div class="method-content">
                  <a name="adminLoginWithValidCridentials">
                  </a> <!-- adminLoginWithValidCridentials -->
                  <span class="method-name">adminLoginWithValidCridentials</span>
                </div> <!-- method-content -->
              </div> <!-- method -->
              <div class="method">
                <div class="method-content">
                  <a name="chooseTestCampus">
                  </a> <!-- chooseTestCampus -->
                  <span class="method-name">chooseTestCampus</span>
                </div> <!-- method-content -->
              </div> <!-- method -->
              <div class="method">
                <div class="method-content">
                  <a name="chooseTestDepartment">
                  </a> <!-- chooseTestDepartment -->
                  <span class="method-name">chooseTestDepartment</span>
                </div> <!-- method-content -->
              </div> <!-- method -->
              <div class="method">
                <div class="method-content">
                  <a name="chooseTestType">
                  </a> <!-- chooseTestType -->
                  <span class="method-name">chooseTestType</span>
                </div> <!-- method-content -->
              </div> <!-- method -->
              <div class="method">
                <div class="method-content">
                  <a name="clickCourseCreationBtn">
                  </a> <!-- clickCourseCreationBtn -->
                  <span class="method-name">clickCourseCreationBtn</span>
                </div> <!-- method-content -->
              </div> <!-- method -->
              <div class="method">
                <div class="method-content">
                  <a name="clickCourseMenu">
                  </a> <!-- clickCourseMenu -->
                  <span class="method-name">clickCourseMenu</span>
                </div> <!-- method-content -->
              </div> <!-- method -->
              <div class="method">
                <div class="method-content">
                  <a name="clickCreateQuestionBankButton">
                  </a> <!-- clickCreateQuestionBankButton -->
                  <span class="method-name">clickCreateQuestionBankButton</span>
                </div> <!-- method-content -->
              </div> <!-- method -->
              <div class="method">
                <div class="method-content">
                  <a name="clickInviteButton">
                  </a> <!-- clickInviteButton -->
                  <span class="method-name">clickInviteButton</span>
                </div> <!-- method-content -->
              </div> <!-- method -->
              <div class="method">
                <div class="method-content">
                  <a name="clickManageStudentPage">
                  </a> <!-- clickManageStudentPage -->
                  <span class="method-name">clickManageStudentPage</span>
                </div> <!-- method-content -->
              </div> <!-- method -->
              <div class="method">
                <div class="method-content">
                  <a name="clickQuestionBank">
                  </a> <!-- clickQuestionBank -->
                  <span class="method-name">clickQuestionBank</span>
                </div> <!-- method-content -->
              </div> <!-- method -->
              <div class="method">
                <div class="method-content">
                  <a name="clickQuestionCreationButton">
                  </a> <!-- clickQuestionCreationButton -->
                  <span class="method-name">clickQuestionCreationButton</span>
                </div> <!-- method-content -->
              </div> <!-- method -->
              <div class="method">
                <div class="method-content">
                  <a name="clickSaveAndCreateQuestion">
                  </a> <!-- clickSaveAndCreateQuestion -->
                  <span class="method-name">clickSaveAndCreateQuestion</span>
                </div> <!-- method-content -->
              </div> <!-- method -->
              <div class="method">
                <div class="method-content">
                  <a name="clickSaveAndNextBtnAndGoToPublishScreen">
                  </a> <!-- clickSaveAndNextBtnAndGoToPublishScreen -->
                  <span class="method-name">clickSaveAndNextBtnAndGoToPublishScreen</span>
                </div> <!-- method-content -->
              </div> <!-- method -->
              <div class="method">
                <div class="method-content">
                  <a name="clickStudentInviteButton">
                  </a> <!-- clickStudentInviteButton -->
                  <span class="method-name">clickStudentInviteButton</span>
                </div> <!-- method-content -->
              </div> <!-- method -->
              <div class="method">
                <div class="method-content">
                  <a name="clicktheTestCreationMenu">
                  </a> <!-- clicktheTestCreationMenu -->
                  <span class="method-name">clicktheTestCreationMenu</span>
                </div> <!-- method-content -->
              </div> <!-- method -->
              <div class="method">
                <div class="method-content">
                  <a name="createMCQQuestion">
                  </a> <!-- createMCQQuestion -->
                  <span class="method-name">createMCQQuestion</span>
                </div> <!-- method-content -->
              </div> <!-- method -->
              <div class="method">
                <div class="method-content">
                  <a name="createMultiMCQQuestion">
                  </a> <!-- createMultiMCQQuestion -->
                  <span class="method-name">createMultiMCQQuestion</span>
                </div> <!-- method-content -->
              </div> <!-- method -->
              <div class="method">
                <div class="method-content">
                  <a name="enterEmailid">
                  </a> <!-- enterEmailid -->
                  <span class="method-name">enterEmailid</span>
                </div> <!-- method-content -->
              </div> <!-- method -->
              <div class="method">
                <div class="method-content">
                  <a name="enterSectionDurationAndClickSaveAndNextBtn">
                  </a> <!-- enterSectionDurationAndClickSaveAndNextBtn -->
                  <span class="method-name">enterSectionDurationAndClickSaveAndNextBtn</span>
                </div> <!-- method-content -->
              </div> <!-- method -->
              <div class="method">
                <div class="method-content">
                  <a name="enterSectionName">
                  </a> <!-- enterSectionName -->
                  <span class="method-name">enterSectionName</span>
                </div> <!-- method-content -->
              </div> <!-- method -->
              <div class="method">
                <div class="method-content">
                  <a name="enterTheNameOfTheTest">
                  </a> <!-- enterTheNameOfTheTest -->
                  <span class="method-name">enterTheNameOfTheTest</span>
                </div> <!-- method-content -->
              </div> <!-- method -->
              <div class="method">
                <div class="method-content">
                  <a name="fillPublishingText">
                  </a> <!-- fillPublishingText -->
                  <span class="method-name">fillPublishingText</span>
                </div> <!-- method-content -->
              </div> <!-- method -->
              <div class="method">
                <div class="method-content">
                  <a name="fillQuesutionBankName">
                  </a> <!-- fillQuesutionBankName -->
                  <span class="method-name">fillQuesutionBankName</span>
                </div> <!-- method-content -->
              </div> <!-- method -->
              <div class="method">
                <div class="method-content">
                  <a name="fillTheCourseName">
                  </a> <!-- fillTheCourseName -->
                  <span class="method-name">fillTheCourseName</span>
                </div> <!-- method-content -->
              </div> <!-- method -->
              <div class="method">
                <div class="method-content">
                  <a name="publishCourse">
                  </a> <!-- publishCourse -->
                  <span class="method-name">publishCourse</span>
                </div> <!-- method-content -->
              </div> <!-- method -->
              <div class="method">
                <div class="method-content">
                  <a name="publishTheCourse">
                  </a> <!-- publishTheCourse -->
                  <span class="method-name">publishTheCourse</span>
                </div> <!-- method-content -->
              </div> <!-- method -->
              <div class="method">
                <div class="method-content">
                  <a name="publishTheTest">
                  </a> <!-- publishTheTest -->
                  <span class="method-name">publishTheTest</span>
                </div> <!-- method-content -->
              </div> <!-- method -->
              <div class="method">
                <div class="method-content">
                  <a name="saveAndCloseTheQuestionBank">
                  </a> <!-- saveAndCloseTheQuestionBank -->
                  <span class="method-name">saveAndCloseTheQuestionBank</span>
                </div> <!-- method-content -->
              </div> <!-- method -->
              <div class="method">
                <div class="method-content">
                  <a name="saveTheCourseDetailsAndMovetoModulesSection">
                  </a> <!-- saveTheCourseDetailsAndMovetoModulesSection -->
                  <span class="method-name">saveTheCourseDetailsAndMovetoModulesSection</span>
                </div> <!-- method-content -->
              </div> <!-- method -->
              <div class="method">
                <div class="method-content">
                  <a name="selectBatch">
                  </a> <!-- selectBatch -->
                  <span class="method-name">selectBatch</span>
                </div> <!-- method-content -->
              </div> <!-- method -->
              <div class="method">
                <div class="method-content">
                  <a name="selectBatchForCourse">
                  </a> <!-- selectBatchForCourse -->
                  <span class="method-name">selectBatchForCourse</span>
                </div> <!-- method-content -->
              </div> <!-- method -->
              <div class="method">
                <div class="method-content">
                  <a name="selectCampus">
                  </a> <!-- selectCampus -->
                  <span class="method-name">selectCampus</span>
                </div> <!-- method-content -->
              </div> <!-- method -->
              <div class="method">
                <div class="method-content">
                  <a name="selectCampusForCourse">
                  </a> <!-- selectCampusForCourse -->
                  <span class="method-name">selectCampusForCourse</span>
                </div> <!-- method-content -->
              </div> <!-- method -->
              <div class="method">
                <div class="method-content">
                  <a name="selectCourseValidityOfEndPeriod">
                  </a> <!-- selectCourseValidityOfEndPeriod -->
                  <span class="method-name">selectCourseValidityOfEndPeriod</span>
                </div> <!-- method-content -->
              </div> <!-- method -->
              <div class="method">
                <div class="method-content">
                  <a name="selectCourseValidityOfStartPeriod">
                  </a> <!-- selectCourseValidityOfStartPeriod -->
                  <span class="method-name">selectCourseValidityOfStartPeriod</span>
                </div> <!-- method-content -->
              </div> <!-- method -->
              <div class="method">
                <div class="method-content">
                  <a name="selectCourseValidityType">
                  </a> <!-- selectCourseValidityType -->
                  <span class="method-name">selectCourseValidityType</span>
                </div> <!-- method-content -->
              </div> <!-- method -->
              <div class="method">
                <div class="method-content">
                  <a name="selectDegreeSpecialization">
                  </a> <!-- selectDegreeSpecialization -->
                  <span class="method-name">selectDegreeSpecialization</span>
                </div> <!-- method-content -->
              </div> <!-- method -->
              <div class="method">
                <div class="method-content">
                  <a name="selectDepartment">
                  </a> <!-- selectDepartment -->
                  <span class="method-name">selectDepartment</span>
                </div> <!-- method-content -->
              </div> <!-- method -->
              <div class="method">
                <div class="method-content">
                  <a name="selectPretextForCourse">
                  </a> <!-- selectPretextForCourse -->
                  <span class="method-name">selectPretextForCourse</span>
                </div> <!-- method-content -->
              </div> <!-- method -->
              <div class="method">
                <div class="method-content">
                  <a name="selectPublishingType">
                  </a> <!-- selectPublishingType -->
                  <span class="method-name">selectPublishingType</span>
                </div> <!-- method-content -->
              </div> <!-- method -->
              <div class="method">
                <div class="method-content">
                  <a name="selectQuestionBankCampus">
                  </a> <!-- selectQuestionBankCampus -->
                  <span class="method-name">selectQuestionBankCampus</span>
                </div> <!-- method-content -->
              </div> <!-- method -->
              <div class="method">
                <div class="method-content">
                  <a name="selectQuestionBankDepartment">
                  </a> <!-- selectQuestionBankDepartment -->
                  <span class="method-name">selectQuestionBankDepartment</span>
                </div> <!-- method-content -->
              </div> <!-- method -->
              <div class="method">
                <div class="method-content">
                  <a name="selectQuestionBankForTest">
                  </a> <!-- selectQuestionBankForTest -->
                  <span class="method-name">selectQuestionBankForTest</span>
                </div> <!-- method-content -->
              </div> <!-- method -->
              <div class="method">
                <div class="method-content">
                  <a name="selectQuestionSubtypeForMCQ">
                  </a> <!-- selectQuestionSubtypeForMCQ -->
                  <span class="method-name">selectQuestionSubtypeForMCQ</span>
                </div> <!-- method-content -->
              </div> <!-- method -->
              <div class="method">
                <div class="method-content">
                  <a name="selectQuestionSubtypeForMultiMCQ">
                  </a> <!-- selectQuestionSubtypeForMultiMCQ -->
                  <span class="method-name">selectQuestionSubtypeForMultiMCQ</span>
                </div> <!-- method-content -->
              </div> <!-- method -->
              <div class="method">
                <div class="method-content">
                  <a name="selectQuestionTypeForMCQ">
                  </a> <!-- selectQuestionTypeForMCQ -->
                  <span class="method-name">selectQuestionTypeForMCQ</span>
                </div> <!-- method-content -->
              </div> <!-- method -->
              <div class="method">
                <div class="method-content">
                  <a name="selectSectionForTest">
                  </a> <!-- selectSectionForTest -->
                  <span class="method-name">selectSectionForTest</span>
                </div> <!-- method-content -->
              </div> <!-- method -->
              <div class="method">
                <div class="method-content">
                  <a name="selectSharedType">
                  </a> <!-- selectSharedType -->
                  <span class="method-name">selectSharedType</span>
                </div> <!-- method-content -->
              </div> <!-- method -->
            </div> <!-- main-panel-content rounded-window-bottom -->
          </div> <!-- suite-Default_suite-class-passed -->
        </div> <!-- panel Default_suite -->
        <div panel-name="test-xml-Default_suite" class="panel">
          <div class="main-panel-header rounded-window-top">
            <span class="header-content">C:\Users\LENOVO\AppData\Local\Temp\testng-eclipse-776499330\testng-customsuite.xml</span>
          </div> <!-- main-panel-header rounded-window-top -->
          <div class="main-panel-content rounded-window-bottom">
            <pre>
&lt;?xml version=&quot;1.0&quot; encoding=&quot;UTF-8&quot;?&gt;
&lt;!DOCTYPE suite SYSTEM &quot;https://testng.org/testng-1.0.dtd&quot;&gt;
&lt;suite name=&quot;Default suite&quot; guice-stage=&quot;DEVELOPMENT&quot;&gt;
  &lt;test thread-count=&quot;5&quot; name=&quot;Default test&quot; verbose=&quot;2&quot;&gt;
    &lt;classes&gt;
      &lt;class name=&quot;ai.iamneo.automation.testcases.BvtSuite&quot;/&gt;
    &lt;/classes&gt;
  &lt;/test&gt; &lt;!-- Default test --&gt;
&lt;/suite&gt; &lt;!-- Default suite --&gt;
            </pre>
          </div> <!-- main-panel-content rounded-window-bottom -->
        </div> <!-- panel -->
        <div panel-name="testlist-Default_suite" class="panel">
          <div class="main-panel-header rounded-window-top">
            <span class="header-content">Tests for Default suite</span>
          </div> <!-- main-panel-header rounded-window-top -->
          <div class="main-panel-content rounded-window-bottom">
            <ul>
              <li>
                <span class="test-name">Default test (1 class)</span>
              </li>
            </ul>
          </div> <!-- main-panel-content rounded-window-bottom -->
        </div> <!-- panel -->
        <div panel-name="group-Default_suite" class="panel">
          <div class="main-panel-header rounded-window-top">
            <span class="header-content">Groups for Default suite</span>
          </div> <!-- main-panel-header rounded-window-top -->
          <div class="main-panel-content rounded-window-bottom">
          </div> <!-- main-panel-content rounded-window-bottom -->
        </div> <!-- panel -->
        <div panel-name="times-Default_suite" class="panel">
          <div class="main-panel-header rounded-window-top">
            <span class="header-content">Times for Default suite</span>
          </div> <!-- main-panel-header rounded-window-top -->
          <div class="main-panel-content rounded-window-bottom">
            <div class="times-div">
              <script type="text/javascript">
suiteTableInitFunctions.push('tableData_Default_suite');
function tableData_Default_suite() {
var data = new google.visualization.DataTable();
data.addColumn('number', 'Number');
data.addColumn('string', 'Method');
data.addColumn('string', 'Class');
data.addColumn('number', 'Time (ms)');
data.addRows(63);
data.setCell(0, 0, 0)
data.setCell(0, 1, 'submitTest')
data.setCell(0, 2, 'ai.iamneo.automation.testcases.BvtSuite')
data.setCell(0, 3, 121187);
data.setCell(1, 0, 1)
data.setCell(1, 1, 'selectStudentForEnrollment')
data.setCell(1, 2, 'ai.iamneo.automation.testcases.BvtSuite')
data.setCell(1, 3, 121173);
data.setCell(2, 0, 2)
data.setCell(2, 1, 'courseDetailsPage')
data.setCell(2, 2, 'ai.iamneo.automation.testcases.BvtSuite')
data.setCell(2, 3, 90676);
data.setCell(3, 0, 3)
data.setCell(3, 1, 'mcqMultipleQuestion')
data.setCell(3, 2, 'ai.iamneo.automation.testcases.BvtSuite')
data.setCell(3, 3, 90186);
data.setCell(4, 0, 4)
data.setCell(4, 1, 'mcqSingleQuestion')
data.setCell(4, 2, 'ai.iamneo.automation.testcases.BvtSuite')
data.setCell(4, 3, 90093);
data.setCell(5, 0, 5)
data.setCell(5, 1, 'courseSelection')
data.setCell(5, 2, 'ai.iamneo.automation.testcases.BvtSuite')
data.setCell(5, 3, 60096);
data.setCell(6, 0, 6)
data.setCell(6, 1, 'testTaking')
data.setCell(6, 2, 'ai.iamneo.automation.testcases.BvtSuite')
data.setCell(6, 3, 30035);
data.setCell(7, 0, 7)
data.setCell(7, 1, 'selectQuestionBankForTest')
data.setCell(7, 2, 'ai.iamneo.automation.testcases.BvtSuite')
data.setCell(7, 3, 21074);
data.setCell(8, 0, 8)
data.setCell(8, 1, 'studentPortalLogin')
data.setCell(8, 2, 'ai.iamneo.automation.testcases.BvtSuite')
data.setCell(8, 3, 7251);
data.setCell(9, 0, 9)
data.setCell(9, 1, 'addTestToTheCourseModule')
data.setCell(9, 2, 'ai.iamneo.automation.testcases.BvtSuite')
data.setCell(9, 3, 6570);
data.setCell(10, 0, 10)
data.setCell(10, 1, 'adminLoginWithValidCridentials')
data.setCell(10, 2, 'ai.iamneo.automation.testcases.BvtSuite')
data.setCell(10, 3, 6106);
data.setCell(11, 0, 11)
data.setCell(11, 1, 'adminHomepageValidation')
data.setCell(11, 2, 'ai.iamneo.automation.testcases.BvtSuite')
data.setCell(11, 3, 5029);
data.setCell(12, 0, 12)
data.setCell(12, 1, 'moveToInviteStudentPage')
data.setCell(12, 2, 'ai.iamneo.automation.testcases.BvtSuite')
data.setCell(12, 3, 3678);
data.setCell(13, 0, 13)
data.setCell(13, 1, 'clickQuestionBank')
data.setCell(13, 2, 'ai.iamneo.automation.testcases.BvtSuite')
data.setCell(13, 3, 2784);
data.setCell(14, 0, 14)
data.setCell(14, 1, 'addQuestionToSectionForTest')
data.setCell(14, 2, 'ai.iamneo.automation.testcases.BvtSuite')
data.setCell(14, 3, 2654);
data.setCell(15, 0, 15)
data.setCell(15, 1, 'clicktheTestCreationMenu')
data.setCell(15, 2, 'ai.iamneo.automation.testcases.BvtSuite')
data.setCell(15, 3, 2561);
data.setCell(16, 0, 16)
data.setCell(16, 1, 'selectCampusForCourse')
data.setCell(16, 2, 'ai.iamneo.automation.testcases.BvtSuite')
data.setCell(16, 3, 2546);
data.setCell(17, 0, 17)
data.setCell(17, 1, 'saveAndCloseTheQuestionBank')
data.setCell(17, 2, 'ai.iamneo.automation.testcases.BvtSuite')
data.setCell(17, 3, 2499);
data.setCell(18, 0, 18)
data.setCell(18, 1, 'createMultiMCQQuestion')
data.setCell(18, 2, 'ai.iamneo.automation.testcases.BvtSuite')
data.setCell(18, 3, 2497);
data.setCell(19, 0, 19)
data.setCell(19, 1, 'publishCourse')
data.setCell(19, 2, 'ai.iamneo.automation.testcases.BvtSuite')
data.setCell(19, 3, 1860);
data.setCell(20, 0, 20)
data.setCell(20, 1, 'clickCourseMenu')
data.setCell(20, 2, 'ai.iamneo.automation.testcases.BvtSuite')
data.setCell(20, 3, 1658);
data.setCell(21, 0, 21)
data.setCell(21, 1, 'clickCourseCreationBtn')
data.setCell(21, 2, 'ai.iamneo.automation.testcases.BvtSuite')
data.setCell(21, 3, 1622);
data.setCell(22, 0, 22)
data.setCell(22, 1, 'clickSaveAndNextBtnAndGoToPublishScreen')
data.setCell(22, 2, 'ai.iamneo.automation.testcases.BvtSuite')
data.setCell(22, 3, 1585);
data.setCell(23, 0, 23)
data.setCell(23, 1, 'clickQuestionCreationButton')
data.setCell(23, 2, 'ai.iamneo.automation.testcases.BvtSuite')
data.setCell(23, 3, 1534);
data.setCell(24, 0, 24)
data.setCell(24, 1, 'addNewModuleAndEnterModuleName')
data.setCell(24, 2, 'ai.iamneo.automation.testcases.BvtSuite')
data.setCell(24, 3, 1495);
data.setCell(25, 0, 25)
data.setCell(25, 1, 'enterSectionName')
data.setCell(25, 2, 'ai.iamneo.automation.testcases.BvtSuite')
data.setCell(25, 3, 1153);
data.setCell(26, 0, 26)
data.setCell(26, 1, 'publishTheTest')
data.setCell(26, 2, 'ai.iamneo.automation.testcases.BvtSuite')
data.setCell(26, 3, 1143);
data.setCell(27, 0, 27)
data.setCell(27, 1, 'addMCQQuestionOptions')
data.setCell(27, 2, 'ai.iamneo.automation.testcases.BvtSuite')
data.setCell(27, 3, 1107);
data.setCell(28, 0, 28)
data.setCell(28, 1, 'selectQuestionSubtypeForMultiMCQ')
data.setCell(28, 2, 'ai.iamneo.automation.testcases.BvtSuite')
data.setCell(28, 3, 1048);
data.setCell(29, 0, 29)
data.setCell(29, 1, 'clickManageStudentPage')
data.setCell(29, 2, 'ai.iamneo.automation.testcases.BvtSuite')
data.setCell(29, 3, 1037);
data.setCell(30, 0, 30)
data.setCell(30, 1, 'clickCreateQuestionBankButton')
data.setCell(30, 2, 'ai.iamneo.automation.testcases.BvtSuite')
data.setCell(30, 3, 1009);
data.setCell(31, 0, 31)
data.setCell(31, 1, 'selectCourseValidityOfEndPeriod')
data.setCell(31, 2, 'ai.iamneo.automation.testcases.BvtSuite')
data.setCell(31, 3, 954);
data.setCell(32, 0, 32)
data.setCell(32, 1, 'selectQuestionBankCampus')
data.setCell(32, 2, 'ai.iamneo.automation.testcases.BvtSuite')
data.setCell(32, 3, 915);
data.setCell(33, 0, 33)
data.setCell(33, 1, 'addMCQMultiQuestionOptions')
data.setCell(33, 2, 'ai.iamneo.automation.testcases.BvtSuite')
data.setCell(33, 3, 890);
data.setCell(34, 0, 34)
data.setCell(34, 1, 'selectSectionForTest')
data.setCell(34, 2, 'ai.iamneo.automation.testcases.BvtSuite')
data.setCell(34, 3, 770);
data.setCell(35, 0, 35)
data.setCell(35, 1, 'enterEmailid')
data.setCell(35, 2, 'ai.iamneo.automation.testcases.BvtSuite')
data.setCell(35, 3, 757);
data.setCell(36, 0, 36)
data.setCell(36, 1, 'chooseTestCampus')
data.setCell(36, 2, 'ai.iamneo.automation.testcases.BvtSuite')
data.setCell(36, 3, 710);
data.setCell(37, 0, 37)
data.setCell(37, 1, 'selectCampus')
data.setCell(37, 2, 'ai.iamneo.automation.testcases.BvtSuite')
data.setCell(37, 3, 659);
data.setCell(38, 0, 38)
data.setCell(38, 1, 'selectBatch')
data.setCell(38, 2, 'ai.iamneo.automation.testcases.BvtSuite')
data.setCell(38, 3, 650);
data.setCell(39, 0, 39)
data.setCell(39, 1, 'fillTheCourseName')
data.setCell(39, 2, 'ai.iamneo.automation.testcases.BvtSuite')
data.setCell(39, 3, 584);
data.setCell(40, 0, 40)
data.setCell(40, 1, 'selectBatchForCourse')
data.setCell(40, 2, 'ai.iamneo.automation.testcases.BvtSuite')
data.setCell(40, 3, 554);
data.setCell(41, 0, 41)
data.setCell(41, 1, 'selectSharedType')
data.setCell(41, 2, 'ai.iamneo.automation.testcases.BvtSuite')
data.setCell(41, 3, 528);
data.setCell(42, 0, 42)
data.setCell(42, 1, 'selectPretextForCourse')
data.setCell(42, 2, 'ai.iamneo.automation.testcases.BvtSuite')
data.setCell(42, 3, 511);
data.setCell(43, 0, 43)
data.setCell(43, 1, 'selectQuestionBankDepartment')
data.setCell(43, 2, 'ai.iamneo.automation.testcases.BvtSuite')
data.setCell(43, 3, 510);
data.setCell(44, 0, 44)
data.setCell(44, 1, 'selectDegreeSpecialization')
data.setCell(44, 2, 'ai.iamneo.automation.testcases.BvtSuite')
data.setCell(44, 3, 481);
data.setCell(45, 0, 45)
data.setCell(45, 1, 'selectDepartment')
data.setCell(45, 2, 'ai.iamneo.automation.testcases.BvtSuite')
data.setCell(45, 3, 434);
data.setCell(46, 0, 46)
data.setCell(46, 1, 'chooseTestDepartment')
data.setCell(46, 2, 'ai.iamneo.automation.testcases.BvtSuite')
data.setCell(46, 3, 431);
data.setCell(47, 0, 47)
data.setCell(47, 1, 'fillPublishingText')
data.setCell(47, 2, 'ai.iamneo.automation.testcases.BvtSuite')
data.setCell(47, 3, 419);
data.setCell(48, 0, 48)
data.setCell(48, 1, 'selectQuestionTypeForMCQ')
data.setCell(48, 2, 'ai.iamneo.automation.testcases.BvtSuite')
data.setCell(48, 3, 413);
data.setCell(49, 0, 49)
data.setCell(49, 1, 'clickStudentInviteButton')
data.setCell(49, 2, 'ai.iamneo.automation.testcases.BvtSuite')
data.setCell(49, 3, 378);
data.setCell(50, 0, 50)
data.setCell(50, 1, 'selectCourseValidityOfStartPeriod')
data.setCell(50, 2, 'ai.iamneo.automation.testcases.BvtSuite')
data.setCell(50, 3, 360);
data.setCell(51, 0, 51)
data.setCell(51, 1, 'enterSectionDurationAndClickSaveAndNextBtn')
data.setCell(51, 2, 'ai.iamneo.automation.testcases.BvtSuite')
data.setCell(51, 3, 318);
data.setCell(52, 0, 52)
data.setCell(52, 1, 'selectPublishingType')
data.setCell(52, 2, 'ai.iamneo.automation.testcases.BvtSuite')
data.setCell(52, 3, 302);
data.setCell(53, 0, 53)
data.setCell(53, 1, 'fillQuesutionBankName')
data.setCell(53, 2, 'ai.iamneo.automation.testcases.BvtSuite')
data.setCell(53, 3, 267);
data.setCell(54, 0, 54)
data.setCell(54, 1, 'enterTheNameOfTheTest')
data.setCell(54, 2, 'ai.iamneo.automation.testcases.BvtSuite')
data.setCell(54, 3, 260);
data.setCell(55, 0, 55)
data.setCell(55, 1, 'selectQuestionSubtypeForMCQ')
data.setCell(55, 2, 'ai.iamneo.automation.testcases.BvtSuite')
data.setCell(55, 3, 226);
data.setCell(56, 0, 56)
data.setCell(56, 1, 'chooseTestType')
data.setCell(56, 2, 'ai.iamneo.automation.testcases.BvtSuite')
data.setCell(56, 3, 223);
data.setCell(57, 0, 57)
data.setCell(57, 1, 'clickSaveAndCreateQuestion')
data.setCell(57, 2, 'ai.iamneo.automation.testcases.BvtSuite')
data.setCell(57, 3, 214);
data.setCell(58, 0, 58)
data.setCell(58, 1, 'saveTheCourseDetailsAndMovetoModulesSection')
data.setCell(58, 2, 'ai.iamneo.automation.testcases.BvtSuite')
data.setCell(58, 3, 201);
data.setCell(59, 0, 59)
data.setCell(59, 1, 'createMCQQuestion')
data.setCell(59, 2, 'ai.iamneo.automation.testcases.BvtSuite')
data.setCell(59, 3, 200);
data.setCell(60, 0, 60)
data.setCell(60, 1, 'publishTheCourse')
data.setCell(60, 2, 'ai.iamneo.automation.testcases.BvtSuite')
data.setCell(60, 3, 197);
data.setCell(61, 0, 61)
data.setCell(61, 1, 'selectCourseValidityType')
data.setCell(61, 2, 'ai.iamneo.automation.testcases.BvtSuite')
data.setCell(61, 3, 155);
data.setCell(62, 0, 62)
data.setCell(62, 1, 'clickInviteButton')
data.setCell(62, 2, 'ai.iamneo.automation.testcases.BvtSuite')
data.setCell(62, 3, 62);
window.suiteTableData['Default_suite']= { tableData: data, tableDiv: 'times-div-Default_suite'}
return data;
}
              </script>
              <span class="suite-total-time">Total running time: 11 minutes</span>
              <div id="times-div-Default_suite">
              </div> <!-- times-div-Default_suite -->
            </div> <!-- times-div -->
          </div> <!-- main-panel-content rounded-window-bottom -->
        </div> <!-- panel -->
        <div panel-name="reporter-Default_suite" class="panel">
          <div class="main-panel-header rounded-window-top">
            <span class="header-content">Reporter output for Default suite</span>
          </div> <!-- main-panel-header rounded-window-top -->
          <div class="main-panel-content rounded-window-bottom">
          </div> <!-- main-panel-content rounded-window-bottom -->
        </div> <!-- panel -->
        <div panel-name="ignored-methods-Default_suite" class="panel">
          <div class="main-panel-header rounded-window-top">
            <span class="header-content">0 ignored methods</span>
          </div> <!-- main-panel-header rounded-window-top -->
          <div class="main-panel-content rounded-window-bottom">
          </div> <!-- main-panel-content rounded-window-bottom -->
        </div> <!-- panel -->
        <div panel-name="chronological-Default_suite" class="panel">
          <div class="main-panel-header rounded-window-top">
            <span class="header-content">Methods in chronological order</span>
          </div> <!-- main-panel-header rounded-window-top -->
          <div class="main-panel-content rounded-window-bottom">
            <div class="chronological-class">
              <div class="chronological-class-name">ai.iamneo.automation.testcases.BvtSuite</div> <!-- chronological-class-name -->
              <div class="configuration-suite before">
                <span class="method-name">select_Browser</span>
                <span class="method-start">0 ms</span>
              </div> <!-- configuration-suite before -->
              <div class="configuration-test before">
                <span class="method-name">initialize</span>
                <span class="method-start">7118 ms</span>
              </div> <!-- configuration-test before -->
              <div class="test-method">
                <span class="method-name">adminLoginWithValidCridentials</span>
                <span class="method-start">7407 ms</span>
              </div> <!-- test-method -->
              <div class="test-method">
                <span class="method-name">adminHomepageValidation</span>
                <span class="method-start">13536 ms</span>
              </div> <!-- test-method -->
              <div class="test-method">
                <span class="method-name">clickManageStudentPage</span>
                <span class="method-start">18570 ms</span>
              </div> <!-- test-method -->
              <div class="test-method">
                <span class="method-name">clickStudentInviteButton</span>
                <span class="method-start">19611 ms</span>
              </div> <!-- test-method -->
              <div class="test-method">
                <span class="method-name">selectCampus</span>
                <span class="method-start">19994 ms</span>
              </div> <!-- test-method -->
              <div class="test-method">
                <span class="method-name">selectBatch</span>
                <span class="method-start">20655 ms</span>
              </div> <!-- test-method -->
              <div class="test-method">
                <span class="method-name">selectDegreeSpecialization</span>
                <span class="method-start">21310 ms</span>
              </div> <!-- test-method -->
              <div class="test-method">
                <span class="method-name">selectDepartment</span>
                <span class="method-start">21799 ms</span>
              </div> <!-- test-method -->
              <div class="test-method">
                <span class="method-name">enterEmailid</span>
                <span class="method-start">22244 ms</span>
              </div> <!-- test-method -->
              <div class="test-method">
                <span class="method-name">clickInviteButton</span>
                <span class="method-start">23003 ms</span>
              </div> <!-- test-method -->
              <div class="test-method">
                <span class="method-name">clickQuestionBank</span>
                <span class="method-start">23070 ms</span>
              </div> <!-- test-method -->
              <div class="test-method">
                <span class="method-name">clickCreateQuestionBankButton</span>
                <span class="method-start">25861 ms</span>
              </div> <!-- test-method -->
              <div class="test-method">
                <span class="method-name">fillQuesutionBankName</span>
                <span class="method-start">26875 ms</span>
              </div> <!-- test-method -->
              <div class="test-method">
                <span class="method-name">selectQuestionBankCampus</span>
                <span class="method-start">27143 ms</span>
              </div> <!-- test-method -->
              <div class="test-method">
                <span class="method-name">selectQuestionBankDepartment</span>
                <span class="method-start">28062 ms</span>
              </div> <!-- test-method -->
              <div class="test-method">
                <span class="method-name">clickSaveAndCreateQuestion</span>
                <span class="method-start">28573 ms</span>
              </div> <!-- test-method -->
              <div class="test-method">
                <span class="method-name">clickQuestionCreationButton</span>
                <span class="method-start">28789 ms</span>
              </div> <!-- test-method -->
              <div class="test-method">
                <span class="method-name">selectQuestionTypeForMCQ</span>
                <span class="method-start">30326 ms</span>
              </div> <!-- test-method -->
              <div class="test-method">
                <span class="method-name">selectQuestionSubtypeForMCQ</span>
                <span class="method-start">30746 ms</span>
              </div> <!-- test-method -->
              <div class="test-method">
                <span class="method-name">createMCQQuestion</span>
                <span class="method-start">30974 ms</span>
              </div> <!-- test-method -->
              <div class="test-method">
                <span class="method-name">addMCQQuestionOptions</span>
                <span class="method-start">31175 ms</span>
              </div> <!-- test-method -->
              <div class="test-method">
                <span class="method-name">selectQuestionSubtypeForMultiMCQ</span>
                <span class="method-start">32283 ms</span>
              </div> <!-- test-method -->
              <div class="test-method">
                <span class="method-name">createMultiMCQQuestion</span>
                <span class="method-start">33332 ms</span>
              </div> <!-- test-method -->
              <div class="test-method">
                <span class="method-name">addMCQMultiQuestionOptions</span>
                <span class="method-start">35831 ms</span>
              </div> <!-- test-method -->
              <div class="test-method">
                <span class="method-name">saveAndCloseTheQuestionBank</span>
                <span class="method-start">36723 ms</span>
              </div> <!-- test-method -->
              <div class="test-method">
                <span class="method-name">clicktheTestCreationMenu</span>
                <span class="method-start">39223 ms</span>
              </div> <!-- test-method -->
              <div class="test-method">
                <span class="method-name">enterTheNameOfTheTest</span>
                <span class="method-start">41786 ms</span>
              </div> <!-- test-method -->
              <div class="test-method">
                <span class="method-name">chooseTestType</span>
                <span class="method-start">42047 ms</span>
              </div> <!-- test-method -->
              <div class="test-method">
                <span class="method-name">chooseTestCampus</span>
                <span class="method-start">42271 ms</span>
              </div> <!-- test-method -->
              <div class="test-method">
                <span class="method-name">chooseTestDepartment</span>
                <span class="method-start">42983 ms</span>
              </div> <!-- test-method -->
              <div class="test-method">
                <span class="method-name">enterSectionName</span>
                <span class="method-start">43416 ms</span>
              </div> <!-- test-method -->
              <div class="test-method">
                <span class="method-name">enterSectionDurationAndClickSaveAndNextBtn</span>
                <span class="method-start">44570 ms</span>
              </div> <!-- test-method -->
              <div class="test-method">
                <span class="method-name">selectQuestionBankForTest</span>
                <span class="method-start">44890 ms</span>
              </div> <!-- test-method -->
              <div class="test-method">
                <span class="method-name">selectSectionForTest</span>
                <span class="method-start">65965 ms</span>
              </div> <!-- test-method -->
              <div class="test-method">
                <span class="method-name">addQuestionToSectionForTest</span>
                <span class="method-start">66744 ms</span>
              </div> <!-- test-method -->
              <div class="test-method">
                <span class="method-name">publishTheTest</span>
                <span class="method-start">69399 ms</span>
              </div> <!-- test-method -->
              <div class="test-method">
                <span class="method-name">clickCourseMenu</span>
                <span class="method-start">70543 ms</span>
              </div> <!-- test-method -->
              <div class="test-method">
                <span class="method-name">clickCourseCreationBtn</span>
                <span class="method-start">72206 ms</span>
              </div> <!-- test-method -->
              <div class="test-method">
                <span class="method-name">fillTheCourseName</span>
                <span class="method-start">73831 ms</span>
              </div> <!-- test-method -->
              <div class="test-method">
                <span class="method-name">selectPublishingType</span>
                <span class="method-start">74416 ms</span>
              </div> <!-- test-method -->
              <div class="test-method">
                <span class="method-name">selectSharedType</span>
                <span class="method-start">74720 ms</span>
              </div> <!-- test-method -->
              <div class="test-method">
                <span class="method-name">selectPretextForCourse</span>
                <span class="method-start">75249 ms</span>
              </div> <!-- test-method -->
              <div class="test-method">
                <span class="method-name">fillPublishingText</span>
                <span class="method-start">75762 ms</span>
              </div> <!-- test-method -->
              <div class="test-method">
                <span class="method-name">selectCourseValidityType</span>
                <span class="method-start">76183 ms</span>
              </div> <!-- test-method -->
              <div class="test-method">
                <span class="method-name">selectCourseValidityOfStartPeriod</span>
                <span class="method-start">76339 ms</span>
              </div> <!-- test-method -->
              <div class="test-method">
                <span class="method-name">selectCourseValidityOfEndPeriod</span>
                <span class="method-start">76705 ms</span>
              </div> <!-- test-method -->
              <div class="test-method">
                <span class="method-name">selectCampusForCourse</span>
                <span class="method-start">77661 ms</span>
              </div> <!-- test-method -->
              <div class="test-method">
                <span class="method-name">selectBatchForCourse</span>
                <span class="method-start">80209 ms</span>
              </div> <!-- test-method -->
              <div class="test-method">
                <span class="method-name">saveTheCourseDetailsAndMovetoModulesSection</span>
                <span class="method-start">80764 ms</span>
              </div> <!-- test-method -->
              <div class="test-method">
                <span class="method-name">addNewModuleAndEnterModuleName</span>
                <span class="method-start">80970 ms</span>
              </div> <!-- test-method -->
              <div class="test-method">
                <span class="method-name">addTestToTheCourseModule</span>
                <span class="method-start">82472 ms</span>
              </div> <!-- test-method -->
              <div class="test-method">
                <span class="method-name">clickSaveAndNextBtnAndGoToPublishScreen</span>
                <span class="method-start">89044 ms</span>
              </div> <!-- test-method -->
              <div class="test-method">
                <span class="method-name">publishCourse</span>
                <span class="method-start">90630 ms</span>
              </div> <!-- test-method -->
              <div class="test-method">
                <img src="failed.png">
                </img>
                <span class="method-name">moveToInviteStudentPage</span>
                <span class="method-start">92492 ms</span>
              </div> <!-- test-method -->
              <div class="test-method">
                <img src="failed.png">
                </img>
                <span class="method-name">selectStudentForEnrollment</span>
                <span class="method-start">96189 ms</span>
              </div> <!-- test-method -->
              <div class="test-method">
                <span class="method-name">publishTheCourse</span>
                <span class="method-start">217365 ms</span>
              </div> <!-- test-method -->
              <div class="test-method">
                <img src="failed.png">
                </img>
                <span class="method-name">studentPortalLogin</span>
                <span class="method-start">217563 ms</span>
              </div> <!-- test-method -->
              <div class="test-method">
                <img src="failed.png">
                </img>
                <span class="method-name">courseSelection</span>
                <span class="method-start">224815 ms</span>
              </div> <!-- test-method -->
              <div class="test-method">
                <img src="failed.png">
                </img>
                <span class="method-name">testTaking</span>
                <span class="method-start">284914 ms</span>
              </div> <!-- test-method -->
              <div class="test-method">
                <img src="failed.png">
                </img>
                <span class="method-name">mcqSingleQuestion</span>
                <span class="method-start">314952 ms</span>
              </div> <!-- test-method -->
              <div class="test-method">
                <img src="failed.png">
                </img>
                <span class="method-name">mcqMultipleQuestion</span>
                <span class="method-start">405048 ms</span>
              </div> <!-- test-method -->
              <div class="test-method">
                <img src="failed.png">
                </img>
                <span class="method-name">submitTest</span>
                <span class="method-start">495240 ms</span>
              </div> <!-- test-method -->
              <div class="test-method">
                <img src="failed.png">
                </img>
                <span class="method-name">courseDetailsPage</span>
                <span class="method-start">616429 ms</span>
              </div> <!-- test-method -->
              <div class="configuration-suite after">
                <span class="method-name">close_browser</span>
                <span class="method-start">707196 ms</span>
              </div> <!-- configuration-suite after -->
          </div> <!-- main-panel-content rounded-window-bottom -->
        </div> <!-- panel -->
      </div> <!-- main-panel-root -->
    </div> <!-- wrapper -->
  </body>
<script type="text/javascript" src="testng-reports2.js"></script>
</html>
